{"/home/andreas/work/unexpected-sinon/bootstrap-unexpected-markdown.js":{"path":"/home/andreas/work/unexpected-sinon/bootstrap-unexpected-markdown.js","s":{"1":1,"2":1,"3":1,"4":1,"5":1},"b":{},"f":{},"fnMap":{},"statementMap":{"1":{"start":{"line":2,"column":0},"end":{"line":2,"column":35}},"2":{"start":{"line":3,"column":0},"end":{"line":3,"column":38}},"3":{"start":{"line":4,"column":0},"end":{"line":4,"column":25}},"4":{"start":{"line":5,"column":0},"end":{"line":5,"column":60}},"5":{"start":{"line":6,"column":0},"end":{"line":6,"column":53}}},"branchMap":{}},"/home/andreas/work/unexpected-sinon/lib/unexpected-sinon.js":{"path":"/home/andreas/work/unexpected-sinon/lib/unexpected-sinon.js","s":{"1":1,"2":1,"3":1,"4":0,"5":0,"6":0,"7":0,"8":1,"9":0,"10":1,"11":12602,"12":1,"13":6746,"14":1,"15":5997,"16":1,"17":309,"18":309,"19":309,"20":1,"21":59,"22":1,"23":1,"24":1,"25":1,"26":0,"27":1,"28":1,"29":1,"30":184,"31":184,"32":0,"33":1,"34":12,"35":14,"36":14,"37":14,"38":826,"39":280,"40":84,"41":196,"42":14,"43":12,"44":12,"45":12,"46":14,"47":14,"48":25,"49":25,"50":25,"51":25,"52":25,"53":14,"54":294,"55":12,"56":16,"57":12,"58":1,"59":1,"60":5065,"61":228,"62":228,"63":1,"64":228,"65":6,"66":228,"67":228,"68":228,"69":184,"70":228,"71":168,"72":168,"73":168,"74":0,"75":0,"76":0,"77":0,"78":0,"79":0,"80":0,"81":1,"82":68,"83":68,"84":102,"85":58,"86":58,"87":36,"88":30,"89":30,"90":1,"91":414,"92":414,"93":414,"94":414,"95":0,"96":1,"97":2,"98":1,"99":2,"100":2,"101":1,"102":123,"103":123,"104":123,"105":0,"106":123,"107":198,"108":123,"109":1,"110":122,"111":122,"112":122,"113":71,"114":122,"115":39,"116":122,"117":82,"118":122,"119":4,"120":118,"121":0,"122":122,"123":1,"124":121,"125":0,"126":122,"127":0,"128":122,"129":0,"130":122,"131":0,"132":122,"133":61,"134":61,"135":61,"136":60,"137":60,"138":60,"139":60,"140":60,"141":42,"142":18,"143":60,"144":60,"145":60,"146":420,"147":20,"148":60,"149":20,"150":20,"151":20,"152":20,"153":20,"154":20,"155":20,"156":0,"157":20,"158":60,"159":60,"160":60,"161":1,"162":20,"163":20,"164":5,"165":15,"166":15,"167":0,"168":15,"169":15,"170":7,"171":7,"172":7,"173":4,"174":4,"175":3,"176":1,"177":6,"178":6,"179":2,"180":1,"181":8,"182":8,"183":6,"184":8,"185":8,"186":8,"187":21,"188":21,"189":21,"190":8,"191":12,"192":8,"193":1,"194":25,"195":25,"196":9,"197":25,"198":25,"199":25,"200":47,"201":41,"202":41,"203":25,"204":48,"205":25,"206":1,"207":64,"208":29,"209":29,"210":35,"211":2,"212":33,"213":32,"214":32,"215":34,"216":2,"217":30,"218":3,"219":30,"220":1,"221":1,"222":2,"223":25,"224":25,"225":0,"226":0,"227":0,"228":0,"229":24,"230":24,"231":32,"232":23,"233":23,"234":1,"235":3,"236":3,"237":3,"238":1,"239":5,"240":5,"241":5,"242":1,"243":3,"244":3,"245":3,"246":1,"247":3,"248":3,"249":3,"250":1,"251":2,"252":1,"253":6,"254":1,"255":4,"256":4,"257":4,"258":1,"259":3,"260":2,"261":1,"262":2,"263":2,"264":1,"265":1,"266":1,"267":1,"268":0,"269":1,"270":13,"271":13,"272":15,"273":2,"274":11,"275":11,"276":11,"277":12,"278":12,"279":11,"280":11,"281":12,"282":11,"283":6,"284":1,"285":2,"286":1,"287":4,"288":4,"289":4,"290":4,"291":4,"292":4,"293":4,"294":3,"295":4,"296":4,"297":2,"298":2,"299":2,"300":1,"301":11,"302":11,"303":11,"304":6,"305":5,"306":5,"307":13,"308":11,"309":11,"310":6,"311":5,"312":7,"313":7,"314":5,"315":5,"316":6,"317":5,"318":2,"319":1,"320":3,"321":3,"322":3,"323":5,"324":3,"325":3,"326":4,"327":4,"328":3,"329":3,"330":4,"331":3,"332":2,"333":1,"334":12,"335":12,"336":12,"337":1,"338":11,"339":11,"340":8,"341":11,"342":6,"343":5,"344":5,"345":5,"346":5,"347":5,"348":5,"349":5,"350":3},"b":{"1":[1,0],"2":[0,0],"3":[0,0],"4":[0,0],"5":[12602,6988,1752],"6":[6746,5845],"7":[5997,1196],"8":[0,1],"9":[1,0],"10":[1,0],"11":[1,1,1,1],"12":[184,0],"13":[280,546],"14":[826,826],"15":[84,196],"16":[5065,4391],"17":[6,222],"18":[228,184],"19":[184,44],"20":[228,184],"21":[58,58,38,31],"22":[0,414],"23":[414,0],"24":[0,123],"25":[123,123],"26":[1,122],"27":[122,89],"28":[71,51],"29":[39,83],"30":[82,40],"31":[4,118],"32":[0,118],"33":[1,121],"34":[0,121],"35":[0,122],"36":[0,122],"37":[0,122],"38":[60,60,42],"39":[60,60],"40":[42,18],"41":[60,42],"42":[20,400],"43":[420,60,368],"44":[20,40],"45":[0,20],"46":[0,20],"47":[5,15],"48":[0,15],"49":[15,15,0,0],"50":[4,3],"51":[2,4],"52":[6,2],"53":[9,16],"54":[41,6],"55":[29,35],"56":[2,33],"57":[32,1],"58":[33,33],"59":[2,30],"60":[32,32],"61":[3,27],"62":[25,0],"63":[0,0],"64":[0,0],"65":[2,1],"66":[4,1],"67":[3,0],"68":[3,0],"69":[1,3],"70":[2,1],"71":[0,1],"72":[2,11],"73":[13,13],"74":[6,5],"75":[3,1],"76":[2,2],"77":[6,5],"78":[6,5],"79":[2,3],"80":[2,1],"81":[1,11],"82":[8,3],"83":[6,5],"84":[3,2]},"f":{"1":1,"2":1,"3":0,"4":12602,"5":6746,"6":5997,"7":309,"8":59,"9":1,"10":184,"11":12,"12":14,"13":25,"14":14,"15":16,"16":1,"17":5065,"18":228,"19":228,"20":228,"21":228,"22":168,"23":0,"24":0,"25":68,"26":68,"27":102,"28":58,"29":36,"30":30,"31":30,"32":414,"33":2,"34":2,"35":123,"36":198,"37":122,"38":122,"39":122,"40":122,"41":122,"42":122,"43":122,"44":61,"45":61,"46":60,"47":420,"48":20,"49":20,"50":20,"51":20,"52":15,"53":7,"54":4,"55":6,"56":8,"57":21,"58":12,"59":25,"60":47,"61":48,"62":64,"63":34,"64":2,"65":0,"66":32,"67":3,"68":5,"69":3,"70":3,"71":2,"72":6,"73":4,"74":2,"75":2,"76":1,"77":1,"78":13,"79":15,"80":12,"81":12,"82":11,"83":12,"84":2,"85":4,"86":4,"87":4,"88":11,"89":7,"90":7,"91":5,"92":6,"93":3,"94":4,"95":4,"96":3,"97":4,"98":12,"99":5,"100":5,"101":5,"102":5},"fnMap":{"1":{"name":"(anonymous_1)","line":24,"loc":{"start":{"line":24,"column":1},"end":{"line":24,"column":26}}},"2":{"name":"(anonymous_2)","line":33,"loc":{"start":{"line":33,"column":8},"end":{"line":33,"column":25}}},"3":{"name":"isRegExp","line":34,"loc":{"start":{"line":34,"column":4},"end":{"line":34,"column":26}}},"4":{"name":"isSpy","line":38,"loc":{"start":{"line":38,"column":4},"end":{"line":38,"column":26}}},"5":{"name":"isSpyCall","line":43,"loc":{"start":{"line":43,"column":4},"end":{"line":43,"column":30}}},"6":{"name":"isSpyCalls","line":47,"loc":{"start":{"line":47,"column":4},"end":{"line":47,"column":31}}},"7":{"name":"toSpyArguments","line":52,"loc":{"start":{"line":52,"column":4},"end":{"line":52,"column":34}}},"8":{"name":"getCalls","line":58,"loc":{"start":{"line":58,"column":4},"end":{"line":58,"column":27}}},"9":{"name":"escapeRegExpMetaChars","line":62,"loc":{"start":{"line":62,"column":4},"end":{"line":62,"column":40}}},"10":{"name":"makePathsRelativeToCwdOrLocation","line":73,"loc":{"start":{"line":73,"column":4},"end":{"line":73,"column":51}}},"11":{"name":"recordSpyCalls","line":81,"loc":{"start":{"line":81,"column":4},"end":{"line":81,"column":39}}},"12":{"name":"(anonymous_12)","line":82,"loc":{"start":{"line":82,"column":39},"end":{"line":82,"column":54}}},"13":{"name":"(anonymous_13)","line":89,"loc":{"start":{"line":89,"column":23},"end":{"line":89,"column":35}}},"14":{"name":"(anonymous_14)","line":103,"loc":{"start":{"line":103,"column":22},"end":{"line":103,"column":40}}},"15":{"name":"(anonymous_15)","line":122,"loc":{"start":{"line":122,"column":34},"end":{"line":122,"column":50}}},"16":{"name":"(anonymous_16)","line":131,"loc":{"start":{"line":131,"column":21},"end":{"line":131,"column":39}}},"17":{"name":"(anonymous_17)","line":135,"loc":{"start":{"line":135,"column":26},"end":{"line":135,"column":43}}},"18":{"name":"(anonymous_18)","line":138,"loc":{"start":{"line":138,"column":24},"end":{"line":138,"column":49}}},"19":{"name":"(anonymous_19)","line":141,"loc":{"start":{"line":141,"column":24},"end":{"line":141,"column":42}}},"20":{"name":"(anonymous_20)","line":150,"loc":{"start":{"line":150,"column":24},"end":{"line":150,"column":49}}},"21":{"name":"(anonymous_21)","line":156,"loc":{"start":{"line":156,"column":24},"end":{"line":156,"column":49}}},"22":{"name":"(anonymous_22)","line":163,"loc":{"start":{"line":163,"column":25},"end":{"line":163,"column":66}}},"23":{"name":"(anonymous_23)","line":168,"loc":{"start":{"line":168,"column":23},"end":{"line":168,"column":58}}},"24":{"name":"(anonymous_24)","line":171,"loc":{"start":{"line":171,"column":22},"end":{"line":171,"column":73}}},"25":{"name":"(anonymous_25)","line":184,"loc":{"start":{"line":184,"column":24},"end":{"line":184,"column":42}}},"26":{"name":"(anonymous_26)","line":187,"loc":{"start":{"line":187,"column":24},"end":{"line":187,"column":42}}},"27":{"name":"(anonymous_27)","line":190,"loc":{"start":{"line":190,"column":27},"end":{"line":190,"column":45}}},"28":{"name":"(anonymous_28)","line":194,"loc":{"start":{"line":194,"column":25},"end":{"line":194,"column":41}}},"29":{"name":"(anonymous_29)","line":196,"loc":{"start":{"line":196,"column":95},"end":{"line":196,"column":119}}},"30":{"name":"(anonymous_30)","line":202,"loc":{"start":{"line":202,"column":25},"end":{"line":202,"column":69}}},"31":{"name":"(anonymous_31)","line":204,"loc":{"start":{"line":204,"column":31},"end":{"line":204,"column":49}}},"32":{"name":"(anonymous_32)","line":213,"loc":{"start":{"line":213,"column":25},"end":{"line":213,"column":57}}},"33":{"name":"(anonymous_33)","line":224,"loc":{"start":{"line":224,"column":52},"end":{"line":224,"column":79}}},"34":{"name":"(anonymous_34)","line":228,"loc":{"start":{"line":228,"column":56},"end":{"line":228,"column":83}}},"35":{"name":"(anonymous_35)","line":233,"loc":{"start":{"line":233,"column":77},"end":{"line":233,"column":111}}},"36":{"name":"(anonymous_36)","line":240,"loc":{"start":{"line":240,"column":64},"end":{"line":240,"column":79}}},"37":{"name":"(anonymous_37)","line":248,"loc":{"start":{"line":248,"column":40},"end":{"line":248,"column":52}}},"38":{"name":"(anonymous_38)","line":254,"loc":{"start":{"line":254,"column":50},"end":{"line":254,"column":62}}},"39":{"name":"(anonymous_39)","line":259,"loc":{"start":{"line":259,"column":41},"end":{"line":259,"column":53}}},"40":{"name":"(anonymous_40)","line":264,"loc":{"start":{"line":264,"column":42},"end":{"line":264,"column":54}}},"41":{"name":"(anonymous_41)","line":271,"loc":{"start":{"line":271,"column":45},"end":{"line":271,"column":57}}},"42":{"name":"(anonymous_42)","line":278,"loc":{"start":{"line":278,"column":43},"end":{"line":278,"column":55}}},"43":{"name":"(anonymous_43)","line":286,"loc":{"start":{"line":286,"column":42},"end":{"line":286,"column":54}}},"44":{"name":"(anonymous_44)","line":293,"loc":{"start":{"line":293,"column":63},"end":{"line":293,"column":78}}},"45":{"name":"(anonymous_45)","line":294,"loc":{"start":{"line":294,"column":68},"end":{"line":294,"column":80}}},"46":{"name":"(anonymous_46)","line":297,"loc":{"start":{"line":297,"column":34},"end":{"line":297,"column":52}}},"47":{"name":"(anonymous_47)","line":310,"loc":{"start":{"line":310,"column":66},"end":{"line":310,"column":81}}},"48":{"name":"(anonymous_48)","line":317,"loc":{"start":{"line":317,"column":84},"end":{"line":317,"column":102}}},"49":{"name":"(anonymous_49)","line":318,"loc":{"start":{"line":318,"column":75},"end":{"line":318,"column":93}}},"50":{"name":"(anonymous_50)","line":321,"loc":{"start":{"line":321,"column":93},"end":{"line":321,"column":111}}},"51":{"name":"(anonymous_51)","line":344,"loc":{"start":{"line":344,"column":58},"end":{"line":344,"column":92}}},"52":{"name":"(anonymous_52)","line":353,"loc":{"start":{"line":353,"column":48},"end":{"line":353,"column":60}}},"53":{"name":"(anonymous_53)","line":355,"loc":{"start":{"line":355,"column":27},"end":{"line":355,"column":40}}},"54":{"name":"(anonymous_54)","line":359,"loc":{"start":{"line":359,"column":44},"end":{"line":359,"column":62}}},"55":{"name":"(anonymous_55)","line":370,"loc":{"start":{"line":370,"column":65},"end":{"line":370,"column":100}}},"56":{"name":"(anonymous_56)","line":378,"loc":{"start":{"line":378,"column":98},"end":{"line":378,"column":132}}},"57":{"name":"(anonymous_57)","line":385,"loc":{"start":{"line":385,"column":45},"end":{"line":385,"column":76}}},"58":{"name":"(anonymous_58)","line":390,"loc":{"start":{"line":390,"column":39},"end":{"line":390,"column":57}}},"59":{"name":"(anonymous_59)","line":396,"loc":{"start":{"line":396,"column":102},"end":{"line":396,"column":136}}},"60":{"name":"(anonymous_60)","line":403,"loc":{"start":{"line":403,"column":30},"end":{"line":403,"column":45}}},"61":{"name":"(anonymous_61)","line":409,"loc":{"start":{"line":409,"column":30},"end":{"line":409,"column":46}}},"62":{"name":"wrapSpyInObject","line":414,"loc":{"start":{"line":414,"column":16},"end":{"line":414,"column":46}}},"63":{"name":"(anonymous_63)","line":424,"loc":{"start":{"line":424,"column":39},"end":{"line":424,"column":54}}},"64":{"name":"(anonymous_64)","line":437,"loc":{"start":{"line":437,"column":36},"end":{"line":437,"column":48}}},"65":{"name":"(anonymous_65)","line":447,"loc":{"start":{"line":447,"column":54},"end":{"line":447,"column":77}}},"66":{"name":"(anonymous_66)","line":454,"loc":{"start":{"line":454,"column":34},"end":{"line":454,"column":53}}},"67":{"name":"(anonymous_67)","line":462,"loc":{"start":{"line":462,"column":57},"end":{"line":462,"column":84}}},"68":{"name":"(anonymous_68)","line":468,"loc":{"start":{"line":468,"column":58},"end":{"line":468,"column":85}}},"69":{"name":"(anonymous_69)","line":474,"loc":{"start":{"line":474,"column":59},"end":{"line":474,"column":86}}},"70":{"name":"(anonymous_70)","line":480,"loc":{"start":{"line":480,"column":67},"end":{"line":480,"column":101}}},"71":{"name":"(anonymous_71)","line":486,"loc":{"start":{"line":486,"column":61},"end":{"line":486,"column":88}}},"72":{"name":"(anonymous_72)","line":490,"loc":{"start":{"line":490,"column":60},"end":{"line":490,"column":87}}},"73":{"name":"(anonymous_73)","line":494,"loc":{"start":{"line":494,"column":70},"end":{"line":494,"column":105}}},"74":{"name":"(anonymous_74)","line":505,"loc":{"start":{"line":505,"column":45},"end":{"line":505,"column":61}}},"75":{"name":"(anonymous_75)","line":506,"loc":{"start":{"line":506,"column":45},"end":{"line":506,"column":57}}},"76":{"name":"(anonymous_76)","line":510,"loc":{"start":{"line":510,"column":64},"end":{"line":510,"column":76}}},"77":{"name":"(anonymous_77)","line":511,"loc":{"start":{"line":511,"column":52},"end":{"line":511,"column":71}}},"78":{"name":"(anonymous_78)","line":522,"loc":{"start":{"line":522,"column":91},"end":{"line":522,"column":125}}},"79":{"name":"(anonymous_79)","line":526,"loc":{"start":{"line":526,"column":31},"end":{"line":526,"column":46}}},"80":{"name":"(anonymous_80)","line":535,"loc":{"start":{"line":535,"column":41},"end":{"line":535,"column":57}}},"81":{"name":"(anonymous_81)","line":536,"loc":{"start":{"line":536,"column":42},"end":{"line":536,"column":54}}},"82":{"name":"(anonymous_82)","line":540,"loc":{"start":{"line":540,"column":60},"end":{"line":540,"column":72}}},"83":{"name":"(anonymous_83)","line":541,"loc":{"start":{"line":541,"column":48},"end":{"line":541,"column":67}}},"84":{"name":"(anonymous_84)","line":551,"loc":{"start":{"line":551,"column":90},"end":{"line":551,"column":124}}},"85":{"name":"(anonymous_85)","line":555,"loc":{"start":{"line":555,"column":78},"end":{"line":555,"column":112}}},"86":{"name":"(anonymous_86)","line":558,"loc":{"start":{"line":558,"column":45},"end":{"line":558,"column":76}}},"87":{"name":"(anonymous_87)","line":564,"loc":{"start":{"line":564,"column":43},"end":{"line":564,"column":61}}},"88":{"name":"(anonymous_88)","line":575,"loc":{"start":{"line":575,"column":83},"end":{"line":575,"column":110}}},"89":{"name":"(anonymous_89)","line":591,"loc":{"start":{"line":591,"column":45},"end":{"line":591,"column":61}}},"90":{"name":"(anonymous_90)","line":592,"loc":{"start":{"line":592,"column":45},"end":{"line":592,"column":57}}},"91":{"name":"(anonymous_91)","line":596,"loc":{"start":{"line":596,"column":64},"end":{"line":596,"column":76}}},"92":{"name":"(anonymous_92)","line":597,"loc":{"start":{"line":597,"column":52},"end":{"line":597,"column":71}}},"93":{"name":"(anonymous_93)","line":608,"loc":{"start":{"line":608,"column":70},"end":{"line":608,"column":97}}},"94":{"name":"(anonymous_94)","line":617,"loc":{"start":{"line":617,"column":41},"end":{"line":617,"column":57}}},"95":{"name":"(anonymous_95)","line":618,"loc":{"start":{"line":618,"column":42},"end":{"line":618,"column":54}}},"96":{"name":"(anonymous_96)","line":622,"loc":{"start":{"line":622,"column":60},"end":{"line":622,"column":72}}},"97":{"name":"(anonymous_97)","line":623,"loc":{"start":{"line":623,"column":47},"end":{"line":623,"column":66}}},"98":{"name":"(anonymous_98)","line":632,"loc":{"start":{"line":632,"column":63},"end":{"line":632,"column":97}}},"99":{"name":"(anonymous_99)","line":648,"loc":{"start":{"line":648,"column":45},"end":{"line":648,"column":61}}},"100":{"name":"(anonymous_100)","line":649,"loc":{"start":{"line":649,"column":46},"end":{"line":649,"column":58}}},"101":{"name":"(anonymous_101)","line":654,"loc":{"start":{"line":654,"column":64},"end":{"line":654,"column":76}}},"102":{"name":"(anonymous_102)","line":655,"loc":{"start":{"line":655,"column":52},"end":{"line":655,"column":71}}}},"statementMap":{"1":{"start":{"line":24,"column":0},"end":{"line":667,"column":4}},"2":{"start":{"line":25,"column":4},"end":{"line":32,"column":5}},"3":{"start":{"line":26,"column":8},"end":{"line":26,"column":51}},"4":{"start":{"line":27,"column":11},"end":{"line":32,"column":5}},"5":{"start":{"line":28,"column":8},"end":{"line":28,"column":35}},"6":{"start":{"line":30,"column":8},"end":{"line":30,"column":46}},"7":{"start":{"line":31,"column":8},"end":{"line":31,"column":61}},"8":{"start":{"line":34,"column":4},"end":{"line":36,"column":5}},"9":{"start":{"line":35,"column":8},"end":{"line":35,"column":74}},"10":{"start":{"line":38,"column":4},"end":{"line":41,"column":5}},"11":{"start":{"line":39,"column":8},"end":{"line":40,"column":35}},"12":{"start":{"line":43,"column":4},"end":{"line":45,"column":5}},"13":{"start":{"line":44,"column":8},"end":{"line":44,"column":43}},"14":{"start":{"line":47,"column":4},"end":{"line":50,"column":5}},"15":{"start":{"line":48,"column":8},"end":{"line":49,"column":32}},"16":{"start":{"line":52,"column":4},"end":{"line":56,"column":5}},"17":{"start":{"line":53,"column":8},"end":{"line":53,"column":31}},"18":{"start":{"line":54,"column":8},"end":{"line":54,"column":36}},"19":{"start":{"line":55,"column":8},"end":{"line":55,"column":20}},"20":{"start":{"line":58,"column":4},"end":{"line":60,"column":5}},"21":{"start":{"line":59,"column":8},"end":{"line":59,"column":30}},"22":{"start":{"line":62,"column":4},"end":{"line":64,"column":5}},"23":{"start":{"line":63,"column":8},"end":{"line":63,"column":52}},"24":{"start":{"line":66,"column":4},"end":{"line":66,"column":28}},"25":{"start":{"line":67,"column":4},"end":{"line":71,"column":5}},"26":{"start":{"line":68,"column":8},"end":{"line":68,"column":127}},"27":{"start":{"line":69,"column":11},"end":{"line":71,"column":5}},"28":{"start":{"line":70,"column":8},"end":{"line":70,"column":85}},"29":{"start":{"line":73,"column":4},"end":{"line":79,"column":5}},"30":{"start":{"line":74,"column":8},"end":{"line":78,"column":9}},"31":{"start":{"line":75,"column":12},"end":{"line":75,"column":56}},"32":{"start":{"line":77,"column":12},"end":{"line":77,"column":23}},"33":{"start":{"line":81,"column":4},"end":{"line":127,"column":5}},"34":{"start":{"line":82,"column":8},"end":{"line":100,"column":11}},"35":{"start":{"line":83,"column":12},"end":{"line":85,"column":14}},"36":{"start":{"line":89,"column":12},"end":{"line":89,"column":38}},"37":{"start":{"line":90,"column":12},"end":{"line":98,"column":13}},"38":{"start":{"line":91,"column":16},"end":{"line":97,"column":17}},"39":{"start":{"line":92,"column":20},"end":{"line":96,"column":21}},"40":{"start":{"line":93,"column":24},"end":{"line":93,"column":83}},"41":{"start":{"line":95,"column":24},"end":{"line":95,"column":72}},"42":{"start":{"line":99,"column":12},"end":{"line":99,"column":33}},"43":{"start":{"line":101,"column":8},"end":{"line":101,"column":13}},"44":{"start":{"line":102,"column":8},"end":{"line":102,"column":38}},"45":{"start":{"line":103,"column":8},"end":{"line":121,"column":11}},"46":{"start":{"line":104,"column":12},"end":{"line":104,"column":50}},"47":{"start":{"line":105,"column":12},"end":{"line":117,"column":13}},"48":{"start":{"line":106,"column":16},"end":{"line":106,"column":50}},"49":{"start":{"line":107,"column":16},"end":{"line":107,"column":61}},"50":{"start":{"line":108,"column":16},"end":{"line":114,"column":18}},"51":{"start":{"line":115,"column":16},"end":{"line":115,"column":64}},"52":{"start":{"line":116,"column":16},"end":{"line":116,"column":63}},"53":{"start":{"line":118,"column":12},"end":{"line":120,"column":13}},"54":{"start":{"line":119,"column":16},"end":{"line":119,"column":64}},"55":{"start":{"line":122,"column":8},"end":{"line":124,"column":11}},"56":{"start":{"line":123,"column":12},"end":{"line":123,"column":39}},"57":{"start":{"line":126,"column":8},"end":{"line":126,"column":36}},"58":{"start":{"line":129,"column":4},"end":{"line":666,"column":6}},"59":{"start":{"line":132,"column":12},"end":{"line":144,"column":15}},"60":{"start":{"line":136,"column":20},"end":{"line":136,"column":58}},"61":{"start":{"line":139,"column":20},"end":{"line":139,"column":44}},"62":{"start":{"line":142,"column":20},"end":{"line":142,"column":45}},"63":{"start":{"line":146,"column":12},"end":{"line":179,"column":15}},"64":{"start":{"line":151,"column":20},"end":{"line":153,"column":21}},"65":{"start":{"line":152,"column":24},"end":{"line":152,"column":53}},"66":{"start":{"line":154,"column":20},"end":{"line":154,"column":63}},"67":{"start":{"line":157,"column":20},"end":{"line":157,"column":85}},"68":{"start":{"line":158,"column":20},"end":{"line":160,"column":21}},"69":{"start":{"line":159,"column":24},"end":{"line":159,"column":136}},"70":{"start":{"line":161,"column":20},"end":{"line":161,"column":34}},"71":{"start":{"line":164,"column":20},"end":{"line":164,"column":47}},"72":{"start":{"line":165,"column":20},"end":{"line":165,"column":82}},"73":{"start":{"line":166,"column":20},"end":{"line":166,"column":47}},"74":{"start":{"line":169,"column":20},"end":{"line":169,"column":61}},"75":{"start":{"line":172,"column":20},"end":{"line":172,"column":102}},"76":{"start":{"line":173,"column":20},"end":{"line":173,"column":48}},"77":{"start":{"line":174,"column":20},"end":{"line":174,"column":51}},"78":{"start":{"line":175,"column":20},"end":{"line":175,"column":48}},"79":{"start":{"line":176,"column":20},"end":{"line":176,"column":45}},"80":{"start":{"line":177,"column":20},"end":{"line":177,"column":38}},"81":{"start":{"line":181,"column":12},"end":{"line":208,"column":15}},"82":{"start":{"line":185,"column":20},"end":{"line":185,"column":34}},"83":{"start":{"line":188,"column":20},"end":{"line":188,"column":34}},"84":{"start":{"line":191,"column":20},"end":{"line":191,"column":34}},"85":{"start":{"line":195,"column":20},"end":{"line":195,"column":49}},"86":{"start":{"line":196,"column":20},"end":{"line":198,"column":23}},"87":{"start":{"line":197,"column":24},"end":{"line":197,"column":70}},"88":{"start":{"line":203,"column":20},"end":{"line":206,"column":27}},"89":{"start":{"line":205,"column":28},"end":{"line":205,"column":63}},"90":{"start":{"line":210,"column":12},"end":{"line":222,"column":15}},"91":{"start":{"line":214,"column":20},"end":{"line":214,"column":65}},"92":{"start":{"line":215,"column":20},"end":{"line":215,"column":95}},"93":{"start":{"line":216,"column":20},"end":{"line":220,"column":21}},"94":{"start":{"line":217,"column":24},"end":{"line":217,"column":58}},"95":{"start":{"line":219,"column":24},"end":{"line":219,"column":43}},"96":{"start":{"line":224,"column":12},"end":{"line":226,"column":15}},"97":{"start":{"line":225,"column":16},"end":{"line":225,"column":64}},"98":{"start":{"line":228,"column":12},"end":{"line":231,"column":15}},"99":{"start":{"line":229,"column":16},"end":{"line":229,"column":53}},"100":{"start":{"line":230,"column":16},"end":{"line":230,"column":60}},"101":{"start":{"line":233,"column":12},"end":{"line":342,"column":15}},"102":{"start":{"line":234,"column":16},"end":{"line":234,"column":61}},"103":{"start":{"line":235,"column":16},"end":{"line":235,"column":64}},"104":{"start":{"line":237,"column":16},"end":{"line":239,"column":17}},"105":{"start":{"line":238,"column":20},"end":{"line":238,"column":43}},"106":{"start":{"line":240,"column":16},"end":{"line":242,"column":19}},"107":{"start":{"line":241,"column":20},"end":{"line":241,"column":170}},"108":{"start":{"line":243,"column":16},"end":{"line":245,"column":17}},"109":{"start":{"line":244,"column":20},"end":{"line":244,"column":107}},"110":{"start":{"line":247,"column":16},"end":{"line":291,"column":18}},"111":{"start":{"line":249,"column":24},"end":{"line":249,"column":59}},"112":{"start":{"line":250,"column":24},"end":{"line":252,"column":25}},"113":{"start":{"line":251,"column":28},"end":{"line":251,"column":71}},"114":{"start":{"line":255,"column":24},"end":{"line":257,"column":25}},"115":{"start":{"line":256,"column":28},"end":{"line":256,"column":121}},"116":{"start":{"line":260,"column":24},"end":{"line":262,"column":25}},"117":{"start":{"line":261,"column":28},"end":{"line":261,"column":97}},"118":{"start":{"line":265,"column":24},"end":{"line":269,"column":25}},"119":{"start":{"line":266,"column":28},"end":{"line":266,"column":88}},"120":{"start":{"line":267,"column":31},"end":{"line":269,"column":25}},"121":{"start":{"line":268,"column":28},"end":{"line":268,"column":92}},"122":{"start":{"line":272,"column":24},"end":{"line":276,"column":25}},"123":{"start":{"line":273,"column":28},"end":{"line":273,"column":93}},"124":{"start":{"line":274,"column":31},"end":{"line":276,"column":25}},"125":{"start":{"line":275,"column":28},"end":{"line":275,"column":96}},"126":{"start":{"line":279,"column":24},"end":{"line":283,"column":25}},"127":{"start":{"line":280,"column":28},"end":{"line":280,"column":90}},"128":{"start":{"line":281,"column":31},"end":{"line":283,"column":25}},"129":{"start":{"line":282,"column":28},"end":{"line":282,"column":92}},"130":{"start":{"line":287,"column":24},"end":{"line":289,"column":25}},"131":{"start":{"line":288,"column":28},"end":{"line":288,"column":77}},"132":{"start":{"line":293,"column":16},"end":{"line":341,"column":19}},"133":{"start":{"line":294,"column":20},"end":{"line":340,"column":23}},"134":{"start":{"line":295,"column":24},"end":{"line":295,"column":55}},"135":{"start":{"line":296,"column":24},"end":{"line":339,"column":27}},"136":{"start":{"line":298,"column":32},"end":{"line":298,"column":68}},"137":{"start":{"line":299,"column":32},"end":{"line":299,"column":52}},"138":{"start":{"line":300,"column":32},"end":{"line":300,"column":145}},"139":{"start":{"line":301,"column":32},"end":{"line":301,"column":104}},"140":{"start":{"line":302,"column":32},"end":{"line":306,"column":33}},"141":{"start":{"line":303,"column":36},"end":{"line":303,"column":65}},"142":{"start":{"line":305,"column":36},"end":{"line":305,"column":89}},"143":{"start":{"line":307,"column":32},"end":{"line":307,"column":68}},"144":{"start":{"line":309,"column":32},"end":{"line":309,"column":55}},"145":{"start":{"line":310,"column":32},"end":{"line":314,"column":35}},"146":{"start":{"line":311,"column":36},"end":{"line":313,"column":37}},"147":{"start":{"line":312,"column":40},"end":{"line":312,"column":88}},"148":{"start":{"line":316,"column":32},"end":{"line":333,"column":33}},"149":{"start":{"line":317,"column":36},"end":{"line":325,"column":39}},"150":{"start":{"line":318,"column":40},"end":{"line":324,"column":43}},"151":{"start":{"line":319,"column":44},"end":{"line":319,"column":75}},"152":{"start":{"line":320,"column":44},"end":{"line":320,"column":71}},"153":{"start":{"line":321,"column":44},"end":{"line":323,"column":47}},"154":{"start":{"line":322,"column":48},"end":{"line":322,"column":81}},"155":{"start":{"line":326,"column":36},"end":{"line":332,"column":37}},"156":{"start":{"line":327,"column":40},"end":{"line":329,"column":70}},"157":{"start":{"line":331,"column":40},"end":{"line":331,"column":71}},"158":{"start":{"line":335,"column":32},"end":{"line":335,"column":57}},"159":{"start":{"line":336,"column":32},"end":{"line":336,"column":57}},"160":{"start":{"line":337,"column":32},"end":{"line":337,"column":50}},"161":{"start":{"line":344,"column":12},"end":{"line":368,"column":15}},"162":{"start":{"line":345,"column":16},"end":{"line":345,"column":46}},"163":{"start":{"line":346,"column":16},"end":{"line":367,"column":17}},"164":{"start":{"line":347,"column":20},"end":{"line":347,"column":50}},"165":{"start":{"line":349,"column":20},"end":{"line":349,"column":48}},"166":{"start":{"line":350,"column":20},"end":{"line":366,"column":21}},"167":{"start":{"line":351,"column":24},"end":{"line":351,"column":84}},"168":{"start":{"line":353,"column":24},"end":{"line":365,"column":27}},"169":{"start":{"line":354,"column":28},"end":{"line":354,"column":70}},"170":{"start":{"line":356,"column":28},"end":{"line":356,"column":56}},"171":{"start":{"line":357,"column":28},"end":{"line":357,"column":60}},"172":{"start":{"line":358,"column":28},"end":{"line":364,"column":29}},"173":{"start":{"line":359,"column":32},"end":{"line":361,"column":35}},"174":{"start":{"line":360,"column":36},"end":{"line":360,"column":77}},"175":{"start":{"line":363,"column":32},"end":{"line":363,"column":47}},"176":{"start":{"line":370,"column":12},"end":{"line":376,"column":15}},"177":{"start":{"line":371,"column":16},"end":{"line":371,"column":53}},"178":{"start":{"line":372,"column":16},"end":{"line":375,"column":17}},"179":{"start":{"line":373,"column":20},"end":{"line":374,"column":74}},"180":{"start":{"line":378,"column":12},"end":{"line":394,"column":15}},"181":{"start":{"line":379,"column":16},"end":{"line":379,"column":36}},"182":{"start":{"line":380,"column":16},"end":{"line":382,"column":17}},"183":{"start":{"line":381,"column":20},"end":{"line":381,"column":38}},"184":{"start":{"line":383,"column":16},"end":{"line":383,"column":72}},"185":{"start":{"line":384,"column":16},"end":{"line":384,"column":42}},"186":{"start":{"line":385,"column":16},"end":{"line":389,"column":19}},"187":{"start":{"line":386,"column":20},"end":{"line":386,"column":68}},"188":{"start":{"line":387,"column":20},"end":{"line":387,"column":52}},"189":{"start":{"line":388,"column":20},"end":{"line":388,"column":54}},"190":{"start":{"line":390,"column":16},"end":{"line":392,"column":18}},"191":{"start":{"line":391,"column":20},"end":{"line":391,"column":61}},"192":{"start":{"line":393,"column":16},"end":{"line":393,"column":102}},"193":{"start":{"line":396,"column":12},"end":{"line":460,"column":15}},"194":{"start":{"line":397,"column":16},"end":{"line":397,"column":36}},"195":{"start":{"line":398,"column":16},"end":{"line":400,"column":17}},"196":{"start":{"line":399,"column":20},"end":{"line":399,"column":38}},"197":{"start":{"line":401,"column":16},"end":{"line":401,"column":34}},"198":{"start":{"line":402,"column":16},"end":{"line":402,"column":39}},"199":{"start":{"line":403,"column":16},"end":{"line":408,"column":19}},"200":{"start":{"line":404,"column":20},"end":{"line":407,"column":21}},"201":{"start":{"line":405,"column":24},"end":{"line":405,"column":77}},"202":{"start":{"line":406,"column":24},"end":{"line":406,"column":53}},"203":{"start":{"line":409,"column":16},"end":{"line":411,"column":19}},"204":{"start":{"line":410,"column":20},"end":{"line":410,"column":47}},"205":{"start":{"line":413,"column":16},"end":{"line":413,"column":35}},"206":{"start":{"line":414,"column":16},"end":{"line":441,"column":17}},"207":{"start":{"line":415,"column":20},"end":{"line":440,"column":21}},"208":{"start":{"line":416,"column":24},"end":{"line":416,"column":44}},"209":{"start":{"line":417,"column":24},"end":{"line":417,"column":44}},"210":{"start":{"line":418,"column":27},"end":{"line":440,"column":21}},"211":{"start":{"line":419,"column":24},"end":{"line":419,"column":45}},"212":{"start":{"line":420,"column":27},"end":{"line":440,"column":21}},"213":{"start":{"line":421,"column":24},"end":{"line":421,"column":52}},"214":{"start":{"line":422,"column":24},"end":{"line":429,"column":25}},"215":{"start":{"line":425,"column":32},"end":{"line":425,"column":66}},"216":{"start":{"line":428,"column":28},"end":{"line":428,"column":49}},"217":{"start":{"line":431,"column":24},"end":{"line":433,"column":25}},"218":{"start":{"line":432,"column":28},"end":{"line":432,"column":52}},"219":{"start":{"line":434,"column":24},"end":{"line":434,"column":35}},"220":{"start":{"line":436,"column":24},"end":{"line":436,"column":52}},"221":{"start":{"line":437,"column":24},"end":{"line":439,"column":27}},"222":{"start":{"line":438,"column":28},"end":{"line":438,"column":100}},"223":{"start":{"line":444,"column":16},"end":{"line":451,"column":17}},"224":{"start":{"line":445,"column":20},"end":{"line":445,"column":55}},"225":{"start":{"line":446,"column":23},"end":{"line":451,"column":17}},"226":{"start":{"line":447,"column":20},"end":{"line":450,"column":27}},"227":{"start":{"line":448,"column":24},"end":{"line":448,"column":66}},"228":{"start":{"line":449,"column":24},"end":{"line":449,"column":38}},"229":{"start":{"line":453,"column":16},"end":{"line":453,"column":44}},"230":{"start":{"line":454,"column":16},"end":{"line":456,"column":19}},"231":{"start":{"line":455,"column":20},"end":{"line":455,"column":57}},"232":{"start":{"line":457,"column":16},"end":{"line":457,"column":45}},"233":{"start":{"line":459,"column":16},"end":{"line":459,"column":76}},"234":{"start":{"line":462,"column":12},"end":{"line":466,"column":15}},"235":{"start":{"line":463,"column":16},"end":{"line":463,"column":46}},"236":{"start":{"line":464,"column":16},"end":{"line":464,"column":75}},"237":{"start":{"line":465,"column":16},"end":{"line":465,"column":51}},"238":{"start":{"line":468,"column":12},"end":{"line":472,"column":15}},"239":{"start":{"line":469,"column":16},"end":{"line":469,"column":46}},"240":{"start":{"line":470,"column":16},"end":{"line":470,"column":75}},"241":{"start":{"line":471,"column":16},"end":{"line":471,"column":51}},"242":{"start":{"line":474,"column":12},"end":{"line":478,"column":15}},"243":{"start":{"line":475,"column":16},"end":{"line":475,"column":46}},"244":{"start":{"line":476,"column":16},"end":{"line":476,"column":75}},"245":{"start":{"line":477,"column":16},"end":{"line":477,"column":51}},"246":{"start":{"line":480,"column":12},"end":{"line":484,"column":15}},"247":{"start":{"line":481,"column":16},"end":{"line":481,"column":46}},"248":{"start":{"line":482,"column":16},"end":{"line":482,"column":75}},"249":{"start":{"line":483,"column":16},"end":{"line":483,"column":55}},"250":{"start":{"line":486,"column":12},"end":{"line":488,"column":15}},"251":{"start":{"line":487,"column":16},"end":{"line":487,"column":64}},"252":{"start":{"line":490,"column":12},"end":{"line":492,"column":15}},"253":{"start":{"line":491,"column":16},"end":{"line":491,"column":76}},"254":{"start":{"line":494,"column":12},"end":{"line":520,"column":15}},"255":{"start":{"line":495,"column":16},"end":{"line":495,"column":53}},"256":{"start":{"line":497,"column":16},"end":{"line":497,"column":46}},"257":{"start":{"line":498,"column":16},"end":{"line":500,"column":17}},"258":{"start":{"line":499,"column":20},"end":{"line":499,"column":56}},"259":{"start":{"line":502,"column":16},"end":{"line":519,"column":17}},"260":{"start":{"line":503,"column":20},"end":{"line":503,"column":91}},"261":{"start":{"line":505,"column":20},"end":{"line":509,"column":23}},"262":{"start":{"line":506,"column":23},"end":{"line":508,"column":26}},"263":{"start":{"line":507,"column":28},"end":{"line":507,"column":73}},"264":{"start":{"line":510,"column":20},"end":{"line":518,"column":23}},"265":{"start":{"line":511,"column":24},"end":{"line":513,"column":27}},"266":{"start":{"line":512,"column":28},"end":{"line":512,"column":56}},"267":{"start":{"line":515,"column":24},"end":{"line":517,"column":25}},"268":{"start":{"line":516,"column":28},"end":{"line":516,"column":99}},"269":{"start":{"line":522,"column":12},"end":{"line":549,"column":15}},"270":{"start":{"line":523,"column":16},"end":{"line":523,"column":46}},"271":{"start":{"line":524,"column":16},"end":{"line":531,"column":17}},"272":{"start":{"line":527,"column":24},"end":{"line":527,"column":58}},"273":{"start":{"line":530,"column":20},"end":{"line":530,"column":104}},"274":{"start":{"line":533,"column":16},"end":{"line":533,"column":53}},"275":{"start":{"line":534,"column":16},"end":{"line":534,"column":46}},"276":{"start":{"line":535,"column":16},"end":{"line":539,"column":19}},"277":{"start":{"line":536,"column":20},"end":{"line":538,"column":23}},"278":{"start":{"line":537,"column":24},"end":{"line":537,"column":80}},"279":{"start":{"line":540,"column":16},"end":{"line":548,"column":19}},"280":{"start":{"line":541,"column":20},"end":{"line":543,"column":23}},"281":{"start":{"line":542,"column":24},"end":{"line":542,"column":52}},"282":{"start":{"line":545,"column":20},"end":{"line":547,"column":21}},"283":{"start":{"line":546,"column":24},"end":{"line":546,"column":95}},"284":{"start":{"line":551,"column":12},"end":{"line":553,"column":15}},"285":{"start":{"line":552,"column":16},"end":{"line":552,"column":100}},"286":{"start":{"line":555,"column":12},"end":{"line":573,"column":15}},"287":{"start":{"line":556,"column":16},"end":{"line":556,"column":76}},"288":{"start":{"line":557,"column":16},"end":{"line":557,"column":42}},"289":{"start":{"line":558,"column":16},"end":{"line":562,"column":19}},"290":{"start":{"line":559,"column":20},"end":{"line":559,"column":68}},"291":{"start":{"line":560,"column":20},"end":{"line":560,"column":52}},"292":{"start":{"line":561,"column":20},"end":{"line":561,"column":54}},"293":{"start":{"line":563,"column":16},"end":{"line":567,"column":17}},"294":{"start":{"line":564,"column":20},"end":{"line":566,"column":22}},"295":{"start":{"line":565,"column":24},"end":{"line":565,"column":65}},"296":{"start":{"line":568,"column":16},"end":{"line":571,"column":17}},"297":{"start":{"line":569,"column":20},"end":{"line":569,"column":48}},"298":{"start":{"line":570,"column":20},"end":{"line":570,"column":155}},"299":{"start":{"line":572,"column":16},"end":{"line":572,"column":93}},"300":{"start":{"line":575,"column":12},"end":{"line":606,"column":15}},"301":{"start":{"line":576,"column":16},"end":{"line":576,"column":53}},"302":{"start":{"line":577,"column":16},"end":{"line":577,"column":25}},"303":{"start":{"line":578,"column":16},"end":{"line":585,"column":17}},"304":{"start":{"line":579,"column":20},"end":{"line":579,"column":68}},"305":{"start":{"line":581,"column":20},"end":{"line":581,"column":30}},"306":{"start":{"line":582,"column":20},"end":{"line":584,"column":21}},"307":{"start":{"line":583,"column":24},"end":{"line":583,"column":51}},"308":{"start":{"line":587,"column":16},"end":{"line":587,"column":46}},"309":{"start":{"line":588,"column":16},"end":{"line":605,"column":17}},"310":{"start":{"line":589,"column":20},"end":{"line":589,"column":85}},"311":{"start":{"line":591,"column":20},"end":{"line":595,"column":23}},"312":{"start":{"line":592,"column":23},"end":{"line":594,"column":26}},"313":{"start":{"line":593,"column":27},"end":{"line":593,"column":77}},"314":{"start":{"line":596,"column":20},"end":{"line":604,"column":23}},"315":{"start":{"line":597,"column":24},"end":{"line":599,"column":27}},"316":{"start":{"line":598,"column":28},"end":{"line":598,"column":56}},"317":{"start":{"line":601,"column":24},"end":{"line":603,"column":25}},"318":{"start":{"line":602,"column":28},"end":{"line":602,"column":93}},"319":{"start":{"line":608,"column":12},"end":{"line":630,"column":15}},"320":{"start":{"line":609,"column":16},"end":{"line":609,"column":53}},"321":{"start":{"line":610,"column":16},"end":{"line":610,"column":30}},"322":{"start":{"line":611,"column":16},"end":{"line":613,"column":17}},"323":{"start":{"line":612,"column":20},"end":{"line":612,"column":47}},"324":{"start":{"line":615,"column":16},"end":{"line":615,"column":46}},"325":{"start":{"line":617,"column":16},"end":{"line":621,"column":19}},"326":{"start":{"line":618,"column":20},"end":{"line":620,"column":23}},"327":{"start":{"line":619,"column":24},"end":{"line":619,"column":78}},"328":{"start":{"line":622,"column":16},"end":{"line":629,"column":19}},"329":{"start":{"line":623,"column":20},"end":{"line":625,"column":23}},"330":{"start":{"line":624,"column":24},"end":{"line":624,"column":52}},"331":{"start":{"line":626,"column":20},"end":{"line":628,"column":21}},"332":{"start":{"line":627,"column":24},"end":{"line":627,"column":104}},"333":{"start":{"line":632,"column":12},"end":{"line":664,"column":15}},"334":{"start":{"line":633,"column":16},"end":{"line":633,"column":53}},"335":{"start":{"line":635,"column":16},"end":{"line":635,"column":46}},"336":{"start":{"line":636,"column":16},"end":{"line":638,"column":17}},"337":{"start":{"line":637,"column":20},"end":{"line":637,"column":63}},"338":{"start":{"line":640,"column":16},"end":{"line":640,"column":69}},"339":{"start":{"line":641,"column":16},"end":{"line":643,"column":17}},"340":{"start":{"line":642,"column":20},"end":{"line":642,"column":37}},"341":{"start":{"line":645,"column":16},"end":{"line":663,"column":17}},"342":{"start":{"line":646,"column":20},"end":{"line":646,"column":54}},"343":{"start":{"line":648,"column":20},"end":{"line":652,"column":23}},"344":{"start":{"line":649,"column":24},"end":{"line":651,"column":27}},"345":{"start":{"line":650,"column":28},"end":{"line":650,"column":64}},"346":{"start":{"line":654,"column":20},"end":{"line":662,"column":23}},"347":{"start":{"line":655,"column":24},"end":{"line":657,"column":27}},"348":{"start":{"line":656,"column":28},"end":{"line":656,"column":56}},"349":{"start":{"line":659,"column":24},"end":{"line":661,"column":25}},"350":{"start":{"line":660,"column":28},"end":{"line":660,"column":62}}},"branchMap":{"1":{"line":25,"type":"if","locations":[{"start":{"line":25,"column":4},"end":{"line":25,"column":4}},{"start":{"line":25,"column":4},"end":{"line":25,"column":4}}]},"2":{"line":27,"type":"if","locations":[{"start":{"line":27,"column":11},"end":{"line":27,"column":11}},{"start":{"line":27,"column":11},"end":{"line":27,"column":11}}]},"3":{"line":27,"type":"binary-expr","locations":[{"start":{"line":27,"column":15},"end":{"line":27,"column":43}},{"start":{"line":27,"column":47},"end":{"line":27,"column":57}}]},"4":{"line":30,"type":"binary-expr","locations":[{"start":{"line":30,"column":25},"end":{"line":30,"column":39}},{"start":{"line":30,"column":43},"end":{"line":30,"column":45}}]},"5":{"line":39,"type":"binary-expr","locations":[{"start":{"line":39,"column":15},"end":{"line":39,"column":20}},{"start":{"line":39,"column":24},"end":{"line":39,"column":52}},{"start":{"line":40,"column":12},"end":{"line":40,"column":34}}]},"6":{"line":44,"type":"binary-expr","locations":[{"start":{"line":44,"column":15},"end":{"line":44,"column":20}},{"start":{"line":44,"column":24},"end":{"line":44,"column":42}}]},"7":{"line":48,"type":"binary-expr","locations":[{"start":{"line":48,"column":15},"end":{"line":48,"column":35}},{"start":{"line":49,"column":12},"end":{"line":49,"column":31}}]},"8":{"line":67,"type":"if","locations":[{"start":{"line":67,"column":4},"end":{"line":67,"column":4}},{"start":{"line":67,"column":4},"end":{"line":67,"column":4}}]},"9":{"line":67,"type":"binary-expr","locations":[{"start":{"line":67,"column":8},"end":{"line":67,"column":36}},{"start":{"line":67,"column":40},"end":{"line":67,"column":73}}]},"10":{"line":69,"type":"if","locations":[{"start":{"line":69,"column":11},"end":{"line":69,"column":11}},{"start":{"line":69,"column":11},"end":{"line":69,"column":11}}]},"11":{"line":69,"type":"binary-expr","locations":[{"start":{"line":69,"column":15},"end":{"line":69,"column":44}},{"start":{"line":69,"column":48},"end":{"line":69,"column":74}},{"start":{"line":69,"column":78},"end":{"line":69,"column":112}},{"start":{"line":69,"column":116},"end":{"line":69,"column":143}}]},"12":{"line":74,"type":"if","locations":[{"start":{"line":74,"column":8},"end":{"line":74,"column":8}},{"start":{"line":74,"column":8},"end":{"line":74,"column":8}}]},"13":{"line":91,"type":"if","locations":[{"start":{"line":91,"column":16},"end":{"line":91,"column":16}},{"start":{"line":91,"column":16},"end":{"line":91,"column":16}}]},"14":{"line":91,"type":"binary-expr","locations":[{"start":{"line":91,"column":20},"end":{"line":91,"column":52}},{"start":{"line":91,"column":56},"end":{"line":91,"column":95}}]},"15":{"line":92,"type":"if","locations":[{"start":{"line":92,"column":20},"end":{"line":92,"column":20}},{"start":{"line":92,"column":20},"end":{"line":92,"column":20}}]},"16":{"line":136,"type":"binary-expr","locations":[{"start":{"line":136,"column":27},"end":{"line":136,"column":32}},{"start":{"line":136,"column":36},"end":{"line":136,"column":57}}]},"17":{"line":151,"type":"if","locations":[{"start":{"line":151,"column":20},"end":{"line":151,"column":20}},{"start":{"line":151,"column":20},"end":{"line":151,"column":20}}]},"18":{"line":157,"type":"binary-expr","locations":[{"start":{"line":157,"column":38},"end":{"line":157,"column":58}},{"start":{"line":157,"column":62},"end":{"line":157,"column":84}}]},"19":{"line":158,"type":"if","locations":[{"start":{"line":158,"column":20},"end":{"line":158,"column":20}},{"start":{"line":158,"column":20},"end":{"line":158,"column":20}}]},"20":{"line":158,"type":"binary-expr","locations":[{"start":{"line":158,"column":24},"end":{"line":158,"column":50}},{"start":{"line":158,"column":54},"end":{"line":158,"column":76}}]},"21":{"line":196,"type":"binary-expr","locations":[{"start":{"line":196,"column":27},"end":{"line":196,"column":33}},{"start":{"line":196,"column":37},"end":{"line":196,"column":43}},{"start":{"line":196,"column":47},"end":{"line":196,"column":78}},{"start":{"line":196,"column":82},"end":{"line":198,"column":22}}]},"22":{"line":215,"type":"cond-expr","locations":[{"start":{"line":215,"column":83},"end":{"line":215,"column":88}},{"start":{"line":215,"column":91},"end":{"line":215,"column":93}}]},"23":{"line":216,"type":"if","locations":[{"start":{"line":216,"column":20},"end":{"line":216,"column":20}},{"start":{"line":216,"column":20},"end":{"line":216,"column":20}}]},"24":{"line":237,"type":"if","locations":[{"start":{"line":237,"column":16},"end":{"line":237,"column":16}},{"start":{"line":237,"column":16},"end":{"line":237,"column":16}}]},"25":{"line":237,"type":"binary-expr","locations":[{"start":{"line":237,"column":20},"end":{"line":237,"column":25}},{"start":{"line":237,"column":29},"end":{"line":237,"column":41}}]},"26":{"line":243,"type":"if","locations":[{"start":{"line":243,"column":16},"end":{"line":243,"column":16}},{"start":{"line":243,"column":16},"end":{"line":243,"column":16}}]},"27":{"line":249,"type":"binary-expr","locations":[{"start":{"line":249,"column":34},"end":{"line":249,"column":45}},{"start":{"line":249,"column":49},"end":{"line":249,"column":58}}]},"28":{"line":250,"type":"if","locations":[{"start":{"line":250,"column":24},"end":{"line":250,"column":24}},{"start":{"line":250,"column":24},"end":{"line":250,"column":24}}]},"29":{"line":255,"type":"if","locations":[{"start":{"line":255,"column":24},"end":{"line":255,"column":24}},{"start":{"line":255,"column":24},"end":{"line":255,"column":24}}]},"30":{"line":260,"type":"if","locations":[{"start":{"line":260,"column":24},"end":{"line":260,"column":24}},{"start":{"line":260,"column":24},"end":{"line":260,"column":24}}]},"31":{"line":265,"type":"if","locations":[{"start":{"line":265,"column":24},"end":{"line":265,"column":24}},{"start":{"line":265,"column":24},"end":{"line":265,"column":24}}]},"32":{"line":267,"type":"if","locations":[{"start":{"line":267,"column":31},"end":{"line":267,"column":31}},{"start":{"line":267,"column":31},"end":{"line":267,"column":31}}]},"33":{"line":272,"type":"if","locations":[{"start":{"line":272,"column":24},"end":{"line":272,"column":24}},{"start":{"line":272,"column":24},"end":{"line":272,"column":24}}]},"34":{"line":274,"type":"if","locations":[{"start":{"line":274,"column":31},"end":{"line":274,"column":31}},{"start":{"line":274,"column":31},"end":{"line":274,"column":31}}]},"35":{"line":279,"type":"if","locations":[{"start":{"line":279,"column":24},"end":{"line":279,"column":24}},{"start":{"line":279,"column":24},"end":{"line":279,"column":24}}]},"36":{"line":281,"type":"if","locations":[{"start":{"line":281,"column":31},"end":{"line":281,"column":31}},{"start":{"line":281,"column":31},"end":{"line":281,"column":31}}]},"37":{"line":287,"type":"if","locations":[{"start":{"line":287,"column":24},"end":{"line":287,"column":24}},{"start":{"line":287,"column":24},"end":{"line":287,"column":24}}]},"38":{"line":300,"type":"binary-expr","locations":[{"start":{"line":300,"column":47},"end":{"line":300,"column":64}},{"start":{"line":300,"column":68},"end":{"line":300,"column":98}},{"start":{"line":300,"column":102},"end":{"line":300,"column":144}}]},"39":{"line":301,"type":"binary-expr","locations":[{"start":{"line":301,"column":52},"end":{"line":301,"column":69}},{"start":{"line":301,"column":73},"end":{"line":301,"column":103}}]},"40":{"line":302,"type":"if","locations":[{"start":{"line":302,"column":32},"end":{"line":302,"column":32}},{"start":{"line":302,"column":32},"end":{"line":302,"column":32}}]},"41":{"line":302,"type":"binary-expr","locations":[{"start":{"line":302,"column":36},"end":{"line":302,"column":44}},{"start":{"line":302,"column":48},"end":{"line":302,"column":61}}]},"42":{"line":311,"type":"if","locations":[{"start":{"line":311,"column":36},"end":{"line":311,"column":36}},{"start":{"line":311,"column":36},"end":{"line":311,"column":36}}]},"43":{"line":311,"type":"binary-expr","locations":[{"start":{"line":311,"column":41},"end":{"line":311,"column":55}},{"start":{"line":311,"column":59},"end":{"line":311,"column":73}},{"start":{"line":311,"column":78},"end":{"line":311,"column":108}}]},"44":{"line":316,"type":"if","locations":[{"start":{"line":316,"column":32},"end":{"line":316,"column":32}},{"start":{"line":316,"column":32},"end":{"line":316,"column":32}}]},"45":{"line":321,"type":"cond-expr","locations":[{"start":{"line":321,"column":62},"end":{"line":321,"column":63}},{"start":{"line":321,"column":66},"end":{"line":321,"column":67}}]},"46":{"line":326,"type":"if","locations":[{"start":{"line":326,"column":36},"end":{"line":326,"column":36}},{"start":{"line":326,"column":36},"end":{"line":326,"column":36}}]},"47":{"line":346,"type":"if","locations":[{"start":{"line":346,"column":16},"end":{"line":346,"column":16}},{"start":{"line":346,"column":16},"end":{"line":346,"column":16}}]},"48":{"line":350,"type":"if","locations":[{"start":{"line":350,"column":20},"end":{"line":350,"column":20}},{"start":{"line":350,"column":20},"end":{"line":350,"column":20}}]},"49":{"line":350,"type":"binary-expr","locations":[{"start":{"line":350,"column":24},"end":{"line":350,"column":29}},{"start":{"line":350,"column":33},"end":{"line":350,"column":52}},{"start":{"line":350,"column":57},"end":{"line":350,"column":82}},{"start":{"line":350,"column":86},"end":{"line":350,"column":101}}]},"50":{"line":358,"type":"if","locations":[{"start":{"line":358,"column":28},"end":{"line":358,"column":28}},{"start":{"line":358,"column":28},"end":{"line":358,"column":28}}]},"51":{"line":372,"type":"if","locations":[{"start":{"line":372,"column":16},"end":{"line":372,"column":16}},{"start":{"line":372,"column":16},"end":{"line":372,"column":16}}]},"52":{"line":380,"type":"if","locations":[{"start":{"line":380,"column":16},"end":{"line":380,"column":16}},{"start":{"line":380,"column":16},"end":{"line":380,"column":16}}]},"53":{"line":398,"type":"if","locations":[{"start":{"line":398,"column":16},"end":{"line":398,"column":16}},{"start":{"line":398,"column":16},"end":{"line":398,"column":16}}]},"54":{"line":404,"type":"if","locations":[{"start":{"line":404,"column":20},"end":{"line":404,"column":20}},{"start":{"line":404,"column":20},"end":{"line":404,"column":20}}]},"55":{"line":415,"type":"if","locations":[{"start":{"line":415,"column":20},"end":{"line":415,"column":20}},{"start":{"line":415,"column":20},"end":{"line":415,"column":20}}]},"56":{"line":418,"type":"if","locations":[{"start":{"line":418,"column":27},"end":{"line":418,"column":27}},{"start":{"line":418,"column":27},"end":{"line":418,"column":27}}]},"57":{"line":420,"type":"if","locations":[{"start":{"line":420,"column":27},"end":{"line":420,"column":27}},{"start":{"line":420,"column":27},"end":{"line":420,"column":27}}]},"58":{"line":420,"type":"binary-expr","locations":[{"start":{"line":420,"column":31},"end":{"line":420,"column":34}},{"start":{"line":420,"column":38},"end":{"line":420,"column":61}}]},"59":{"line":422,"type":"if","locations":[{"start":{"line":422,"column":24},"end":{"line":422,"column":24}},{"start":{"line":422,"column":24},"end":{"line":422,"column":24}}]},"60":{"line":423,"type":"binary-expr","locations":[{"start":{"line":423,"column":28},"end":{"line":423,"column":43}},{"start":{"line":424,"column":28},"end":{"line":426,"column":30}}]},"61":{"line":431,"type":"if","locations":[{"start":{"line":431,"column":24},"end":{"line":431,"column":24}},{"start":{"line":431,"column":24},"end":{"line":431,"column":24}}]},"62":{"line":444,"type":"if","locations":[{"start":{"line":444,"column":16},"end":{"line":444,"column":16}},{"start":{"line":444,"column":16},"end":{"line":444,"column":16}}]},"63":{"line":446,"type":"if","locations":[{"start":{"line":446,"column":23},"end":{"line":446,"column":23}},{"start":{"line":446,"column":23},"end":{"line":446,"column":23}}]},"64":{"line":446,"type":"binary-expr","locations":[{"start":{"line":446,"column":27},"end":{"line":446,"column":32}},{"start":{"line":446,"column":36},"end":{"line":446,"column":61}}]},"65":{"line":464,"type":"cond-expr","locations":[{"start":{"line":464,"column":54},"end":{"line":464,"column":62}},{"start":{"line":464,"column":65},"end":{"line":464,"column":74}}]},"66":{"line":470,"type":"cond-expr","locations":[{"start":{"line":470,"column":54},"end":{"line":470,"column":62}},{"start":{"line":470,"column":65},"end":{"line":470,"column":74}}]},"67":{"line":476,"type":"cond-expr","locations":[{"start":{"line":476,"column":54},"end":{"line":476,"column":62}},{"start":{"line":476,"column":65},"end":{"line":476,"column":74}}]},"68":{"line":482,"type":"cond-expr","locations":[{"start":{"line":482,"column":54},"end":{"line":482,"column":62}},{"start":{"line":482,"column":65},"end":{"line":482,"column":74}}]},"69":{"line":498,"type":"if","locations":[{"start":{"line":498,"column":16},"end":{"line":498,"column":16}},{"start":{"line":498,"column":16},"end":{"line":498,"column":16}}]},"70":{"line":502,"type":"if","locations":[{"start":{"line":502,"column":16},"end":{"line":502,"column":16}},{"start":{"line":502,"column":16},"end":{"line":502,"column":16}}]},"71":{"line":515,"type":"if","locations":[{"start":{"line":515,"column":24},"end":{"line":515,"column":24}},{"start":{"line":515,"column":24},"end":{"line":515,"column":24}}]},"72":{"line":524,"type":"if","locations":[{"start":{"line":524,"column":16},"end":{"line":524,"column":16}},{"start":{"line":524,"column":16},"end":{"line":524,"column":16}}]},"73":{"line":525,"type":"binary-expr","locations":[{"start":{"line":525,"column":20},"end":{"line":525,"column":35}},{"start":{"line":526,"column":20},"end":{"line":528,"column":22}}]},"74":{"line":545,"type":"if","locations":[{"start":{"line":545,"column":20},"end":{"line":545,"column":20}},{"start":{"line":545,"column":20},"end":{"line":545,"column":20}}]},"75":{"line":563,"type":"if","locations":[{"start":{"line":563,"column":16},"end":{"line":563,"column":16}},{"start":{"line":563,"column":16},"end":{"line":563,"column":16}}]},"76":{"line":568,"type":"if","locations":[{"start":{"line":568,"column":16},"end":{"line":568,"column":16}},{"start":{"line":568,"column":16},"end":{"line":568,"column":16}}]},"77":{"line":578,"type":"if","locations":[{"start":{"line":578,"column":16},"end":{"line":578,"column":16}},{"start":{"line":578,"column":16},"end":{"line":578,"column":16}}]},"78":{"line":588,"type":"if","locations":[{"start":{"line":588,"column":16},"end":{"line":588,"column":16}},{"start":{"line":588,"column":16},"end":{"line":588,"column":16}}]},"79":{"line":601,"type":"if","locations":[{"start":{"line":601,"column":24},"end":{"line":601,"column":24}},{"start":{"line":601,"column":24},"end":{"line":601,"column":24}}]},"80":{"line":626,"type":"if","locations":[{"start":{"line":626,"column":20},"end":{"line":626,"column":20}},{"start":{"line":626,"column":20},"end":{"line":626,"column":20}}]},"81":{"line":636,"type":"if","locations":[{"start":{"line":636,"column":16},"end":{"line":636,"column":16}},{"start":{"line":636,"column":16},"end":{"line":636,"column":16}}]},"82":{"line":641,"type":"if","locations":[{"start":{"line":641,"column":16},"end":{"line":641,"column":16}},{"start":{"line":641,"column":16},"end":{"line":641,"column":16}}]},"83":{"line":645,"type":"if","locations":[{"start":{"line":645,"column":16},"end":{"line":645,"column":16}},{"start":{"line":645,"column":16},"end":{"line":645,"column":16}}]},"84":{"line":659,"type":"if","locations":[{"start":{"line":659,"column":24},"end":{"line":659,"column":24}},{"start":{"line":659,"column":24},"end":{"line":659,"column":24}}]}}}}