{"/home/andreas/work/unexpected-sinon/lib/unexpected-sinon.js":{"path":"/home/andreas/work/unexpected-sinon/lib/unexpected-sinon.js","s":{"1":1,"2":1,"3":1,"4":0,"5":0,"6":0,"7":0,"8":1,"9":0,"10":1,"11":0,"12":0,"13":0,"14":0,"15":0,"16":1,"17":9473,"18":1,"19":4862,"20":1,"21":4631,"22":1,"23":3204,"24":1,"25":228,"26":228,"27":228,"28":228,"29":1,"30":79,"31":1,"32":69,"33":23,"34":23,"35":3,"36":23,"37":23,"38":23,"39":46,"40":1,"41":1,"42":24,"43":1,"44":3605,"45":202,"46":202,"47":1,"48":202,"49":202,"50":186,"51":186,"52":186,"53":0,"54":0,"55":0,"56":0,"57":0,"58":0,"59":0,"60":1,"61":96,"62":96,"63":1,"64":98,"65":1,"66":8,"67":8,"68":1,"69":42,"70":42,"71":42,"72":42,"73":1,"74":112,"75":42,"76":16,"77":26,"78":26,"79":26,"80":63,"81":42,"82":42,"83":17,"84":16,"85":16,"86":16,"87":16,"88":16,"89":16,"90":1,"91":31,"92":31,"93":31,"94":7,"95":24,"96":24,"97":0,"98":24,"99":24,"100":9,"101":9,"102":9,"103":5,"104":4,"105":4,"106":1,"107":14,"108":14,"109":5,"110":1,"111":4,"112":4,"113":4,"114":1,"115":6,"116":6,"117":6,"118":1,"119":4,"120":4,"121":4,"122":1,"123":5,"124":5,"125":5,"126":1,"127":2,"128":1,"129":5,"130":1,"131":9,"132":9,"133":9,"134":1,"135":8,"136":5,"137":3,"138":4,"139":4,"140":3,"141":3,"142":3,"143":3,"144":1,"145":1,"146":18,"147":18,"148":18,"149":8,"150":10,"151":10,"152":27,"153":18,"154":18,"155":8,"156":10,"157":13,"158":13,"159":10,"160":10,"161":12,"162":10,"163":4,"164":1,"165":3,"166":3,"167":3,"168":5,"169":3,"170":3,"171":4,"172":4,"173":3,"174":3,"175":4,"176":3,"177":2,"178":1,"179":22,"180":22,"181":22,"182":2,"183":20,"184":20,"185":15,"186":20,"187":11,"188":9,"189":9,"190":9,"191":9,"192":9,"193":9,"194":9,"195":4},"b":{"1":[1,0],"2":[0,0],"3":[0,0],"4":[0,0],"5":[1,0],"6":[0,0],"7":[0,0],"8":[0,0],"9":[9473,5647,1205],"10":[4862,4663],"11":[4631,878],"12":[3204,3015,87],"13":[228,0],"14":[23,46],"15":[3,20],"16":[3605,3416],"17":[4,4],"18":[43,69],"19":[16,26],"20":[26,0],"21":[7,24],"22":[0,24],"23":[24,24,0,0],"24":[5,4],"25":[5,9],"26":[3,1],"27":[5,1],"28":[4,0],"29":[5,0],"30":[1,8],"31":[5,3],"32":[1,2],"33":[8,10],"34":[8,10],"35":[4,6],"36":[2,1],"37":[2,20],"38":[15,5],"39":[11,9],"40":[4,5]},"f":{"1":1,"2":1,"3":0,"4":0,"5":9473,"6":4862,"7":4631,"8":3204,"9":228,"10":79,"11":69,"12":23,"13":1,"14":24,"15":3605,"16":202,"17":202,"18":202,"19":202,"20":186,"21":0,"22":0,"23":96,"24":96,"25":98,"26":8,"27":42,"28":112,"29":63,"30":42,"31":17,"32":16,"33":31,"34":24,"35":9,"36":4,"37":14,"38":4,"39":6,"40":4,"41":5,"42":2,"43":5,"44":9,"45":4,"46":4,"47":3,"48":3,"49":18,"50":13,"51":13,"52":10,"53":12,"54":3,"55":4,"56":4,"57":3,"58":4,"59":22,"60":9,"61":9,"62":9,"63":9},"fnMap":{"1":{"name":"(anonymous_1)","line":23,"loc":{"start":{"line":23,"column":1},"end":{"line":23,"column":26}}},"2":{"name":"(anonymous_2)","line":32,"loc":{"start":{"line":32,"column":8},"end":{"line":32,"column":25}}},"3":{"name":"isRegExp","line":33,"loc":{"start":{"line":33,"column":4},"end":{"line":33,"column":26}}},"4":{"name":"(anonymous_4)","line":37,"loc":{"start":{"line":37,"column":33},"end":{"line":37,"column":49}}},"5":{"name":"isSpy","line":48,"loc":{"start":{"line":48,"column":4},"end":{"line":48,"column":26}}},"6":{"name":"isSpyCall","line":53,"loc":{"start":{"line":53,"column":4},"end":{"line":53,"column":30}}},"7":{"name":"isSpyCalls","line":57,"loc":{"start":{"line":57,"column":4},"end":{"line":57,"column":31}}},"8":{"name":"isSinonMatcher","line":62,"loc":{"start":{"line":62,"column":4},"end":{"line":62,"column":35}}},"9":{"name":"toSpyArguments","line":67,"loc":{"start":{"line":67,"column":4},"end":{"line":67,"column":34}}},"10":{"name":"getCalls","line":75,"loc":{"start":{"line":75,"column":4},"end":{"line":75,"column":27}}},"11":{"name":"convertSinonMatchers","line":79,"loc":{"start":{"line":79,"column":4},"end":{"line":79,"column":47}}},"12":{"name":"(anonymous_12)","line":81,"loc":{"start":{"line":81,"column":26},"end":{"line":81,"column":43}}},"13":{"name":"(anonymous_13)","line":96,"loc":{"start":{"line":96,"column":21},"end":{"line":96,"column":39}}},"14":{"name":"(anonymous_14)","line":101,"loc":{"start":{"line":101,"column":25},"end":{"line":101,"column":57}}},"15":{"name":"(anonymous_15)","line":109,"loc":{"start":{"line":109,"column":26},"end":{"line":109,"column":43}}},"16":{"name":"(anonymous_16)","line":112,"loc":{"start":{"line":112,"column":24},"end":{"line":112,"column":49}}},"17":{"name":"(anonymous_17)","line":115,"loc":{"start":{"line":115,"column":24},"end":{"line":115,"column":42}}},"18":{"name":"(anonymous_18)","line":124,"loc":{"start":{"line":124,"column":24},"end":{"line":124,"column":49}}},"19":{"name":"(anonymous_19)","line":127,"loc":{"start":{"line":127,"column":24},"end":{"line":127,"column":42}}},"20":{"name":"(anonymous_20)","line":130,"loc":{"start":{"line":130,"column":25},"end":{"line":130,"column":66}}},"21":{"name":"(anonymous_21)","line":135,"loc":{"start":{"line":135,"column":23},"end":{"line":135,"column":58}}},"22":{"name":"(anonymous_22)","line":138,"loc":{"start":{"line":138,"column":22},"end":{"line":138,"column":73}}},"23":{"name":"(anonymous_23)","line":151,"loc":{"start":{"line":151,"column":24},"end":{"line":151,"column":49}}},"24":{"name":"(anonymous_24)","line":154,"loc":{"start":{"line":154,"column":24},"end":{"line":154,"column":42}}},"25":{"name":"(anonymous_25)","line":163,"loc":{"start":{"line":163,"column":25},"end":{"line":163,"column":57}}},"26":{"name":"(anonymous_26)","line":168,"loc":{"start":{"line":168,"column":59},"end":{"line":168,"column":86}}},"27":{"name":"(anonymous_27)","line":173,"loc":{"start":{"line":173,"column":57},"end":{"line":173,"column":91}}},"28":{"name":"convertArgumentWithKey","line":179,"loc":{"start":{"line":179,"column":16},"end":{"line":179,"column":53}}},"29":{"name":"(anonymous_29)","line":189,"loc":{"start":{"line":189,"column":53},"end":{"line":189,"column":68}}},"30":{"name":"(anonymous_30)","line":194,"loc":{"start":{"line":194,"column":40},"end":{"line":194,"column":52}}},"31":{"name":"(anonymous_31)","line":196,"loc":{"start":{"line":196,"column":19},"end":{"line":196,"column":34}}},"32":{"name":"(anonymous_32)","line":198,"loc":{"start":{"line":198,"column":30},"end":{"line":198,"column":48}}},"33":{"name":"(anonymous_33)","line":210,"loc":{"start":{"line":210,"column":52},"end":{"line":210,"column":86}}},"34":{"name":"(anonymous_34)","line":220,"loc":{"start":{"line":220,"column":48},"end":{"line":220,"column":60}}},"35":{"name":"(anonymous_35)","line":222,"loc":{"start":{"line":222,"column":27},"end":{"line":222,"column":40}}},"36":{"name":"(anonymous_36)","line":226,"loc":{"start":{"line":226,"column":44},"end":{"line":226,"column":62}}},"37":{"name":"(anonymous_37)","line":237,"loc":{"start":{"line":237,"column":60},"end":{"line":237,"column":95}}},"38":{"name":"(anonymous_38)","line":245,"loc":{"start":{"line":245,"column":58},"end":{"line":245,"column":85}}},"39":{"name":"(anonymous_39)","line":251,"loc":{"start":{"line":251,"column":59},"end":{"line":251,"column":86}}},"40":{"name":"(anonymous_40)","line":257,"loc":{"start":{"line":257,"column":60},"end":{"line":257,"column":87}}},"41":{"name":"(anonymous_41)","line":263,"loc":{"start":{"line":263,"column":59},"end":{"line":263,"column":93}}},"42":{"name":"(anonymous_42)","line":269,"loc":{"start":{"line":269,"column":62},"end":{"line":269,"column":89}}},"43":{"name":"(anonymous_43)","line":273,"loc":{"start":{"line":273,"column":66},"end":{"line":273,"column":93}}},"44":{"name":"(anonymous_44)","line":277,"loc":{"start":{"line":277,"column":65},"end":{"line":277,"column":100}}},"45":{"name":"(anonymous_45)","line":288,"loc":{"start":{"line":288,"column":45},"end":{"line":288,"column":61}}},"46":{"name":"(anonymous_46)","line":289,"loc":{"start":{"line":289,"column":45},"end":{"line":289,"column":57}}},"47":{"name":"(anonymous_47)","line":293,"loc":{"start":{"line":293,"column":64},"end":{"line":293,"column":76}}},"48":{"name":"(anonymous_48)","line":294,"loc":{"start":{"line":294,"column":52},"end":{"line":294,"column":71}}},"49":{"name":"(anonymous_49)","line":305,"loc":{"start":{"line":305,"column":77},"end":{"line":305,"column":104}}},"50":{"name":"(anonymous_50)","line":321,"loc":{"start":{"line":321,"column":45},"end":{"line":321,"column":61}}},"51":{"name":"(anonymous_51)","line":322,"loc":{"start":{"line":322,"column":45},"end":{"line":322,"column":57}}},"52":{"name":"(anonymous_52)","line":326,"loc":{"start":{"line":326,"column":64},"end":{"line":326,"column":76}}},"53":{"name":"(anonymous_53)","line":327,"loc":{"start":{"line":327,"column":52},"end":{"line":327,"column":71}}},"54":{"name":"(anonymous_54)","line":338,"loc":{"start":{"line":338,"column":64},"end":{"line":338,"column":91}}},"55":{"name":"(anonymous_55)","line":347,"loc":{"start":{"line":347,"column":41},"end":{"line":347,"column":57}}},"56":{"name":"(anonymous_56)","line":348,"loc":{"start":{"line":348,"column":42},"end":{"line":348,"column":54}}},"57":{"name":"(anonymous_57)","line":352,"loc":{"start":{"line":352,"column":60},"end":{"line":352,"column":72}}},"58":{"name":"(anonymous_58)","line":353,"loc":{"start":{"line":353,"column":47},"end":{"line":353,"column":66}}},"59":{"name":"(anonymous_59)","line":362,"loc":{"start":{"line":362,"column":57},"end":{"line":362,"column":91}}},"60":{"name":"(anonymous_60)","line":378,"loc":{"start":{"line":378,"column":45},"end":{"line":378,"column":61}}},"61":{"name":"(anonymous_61)","line":379,"loc":{"start":{"line":379,"column":46},"end":{"line":379,"column":58}}},"62":{"name":"(anonymous_62)","line":384,"loc":{"start":{"line":384,"column":64},"end":{"line":384,"column":76}}},"63":{"name":"(anonymous_63)","line":385,"loc":{"start":{"line":385,"column":52},"end":{"line":385,"column":71}}}},"statementMap":{"1":{"start":{"line":23,"column":0},"end":{"line":397,"column":4}},"2":{"start":{"line":24,"column":4},"end":{"line":31,"column":5}},"3":{"start":{"line":25,"column":8},"end":{"line":25,"column":51}},"4":{"start":{"line":26,"column":11},"end":{"line":31,"column":5}},"5":{"start":{"line":27,"column":8},"end":{"line":27,"column":35}},"6":{"start":{"line":29,"column":8},"end":{"line":29,"column":46}},"7":{"start":{"line":30,"column":8},"end":{"line":30,"column":61}},"8":{"start":{"line":33,"column":4},"end":{"line":35,"column":5}},"9":{"start":{"line":34,"column":8},"end":{"line":34,"column":74}},"10":{"start":{"line":37,"column":4},"end":{"line":46,"column":6}},"11":{"start":{"line":39,"column":8},"end":{"line":41,"column":9}},"12":{"start":{"line":40,"column":12},"end":{"line":40,"column":35}},"13":{"start":{"line":42,"column":8},"end":{"line":44,"column":9}},"14":{"start":{"line":43,"column":12},"end":{"line":43,"column":27}},"15":{"start":{"line":45,"column":8},"end":{"line":45,"column":23}},"16":{"start":{"line":48,"column":4},"end":{"line":51,"column":5}},"17":{"start":{"line":49,"column":8},"end":{"line":50,"column":35}},"18":{"start":{"line":53,"column":4},"end":{"line":55,"column":5}},"19":{"start":{"line":54,"column":8},"end":{"line":54,"column":43}},"20":{"start":{"line":57,"column":4},"end":{"line":60,"column":5}},"21":{"start":{"line":58,"column":8},"end":{"line":59,"column":32}},"22":{"start":{"line":62,"column":4},"end":{"line":65,"column":5}},"23":{"start":{"line":63,"column":8},"end":{"line":64,"column":46}},"24":{"start":{"line":67,"column":4},"end":{"line":73,"column":5}},"25":{"start":{"line":68,"column":8},"end":{"line":71,"column":9}},"26":{"start":{"line":69,"column":12},"end":{"line":69,"column":39}},"27":{"start":{"line":70,"column":12},"end":{"line":70,"column":41}},"28":{"start":{"line":72,"column":8},"end":{"line":72,"column":20}},"29":{"start":{"line":75,"column":4},"end":{"line":77,"column":5}},"30":{"start":{"line":76,"column":8},"end":{"line":76,"column":30}},"31":{"start":{"line":79,"column":4},"end":{"line":92,"column":5}},"32":{"start":{"line":80,"column":8},"end":{"line":91,"column":9}},"33":{"start":{"line":81,"column":12},"end":{"line":85,"column":14}},"34":{"start":{"line":82,"column":16},"end":{"line":84,"column":17}},"35":{"start":{"line":83,"column":20},"end":{"line":83,"column":75}},"36":{"start":{"line":86,"column":12},"end":{"line":86,"column":36}},"37":{"start":{"line":87,"column":12},"end":{"line":87,"column":42}},"38":{"start":{"line":88,"column":12},"end":{"line":88,"column":27}},"39":{"start":{"line":90,"column":12},"end":{"line":90,"column":23}},"40":{"start":{"line":94,"column":4},"end":{"line":396,"column":6}},"41":{"start":{"line":97,"column":12},"end":{"line":104,"column":15}},"42":{"start":{"line":102,"column":20},"end":{"line":102,"column":72}},"43":{"start":{"line":106,"column":12},"end":{"line":118,"column":15}},"44":{"start":{"line":110,"column":20},"end":{"line":110,"column":58}},"45":{"start":{"line":113,"column":20},"end":{"line":113,"column":34}},"46":{"start":{"line":116,"column":20},"end":{"line":116,"column":34}},"47":{"start":{"line":120,"column":12},"end":{"line":146,"column":15}},"48":{"start":{"line":125,"column":20},"end":{"line":125,"column":84}},"49":{"start":{"line":128,"column":20},"end":{"line":128,"column":44}},"50":{"start":{"line":131,"column":20},"end":{"line":131,"column":47}},"51":{"start":{"line":132,"column":20},"end":{"line":132,"column":82}},"52":{"start":{"line":133,"column":20},"end":{"line":133,"column":47}},"53":{"start":{"line":136,"column":20},"end":{"line":136,"column":61}},"54":{"start":{"line":139,"column":20},"end":{"line":139,"column":102}},"55":{"start":{"line":140,"column":20},"end":{"line":140,"column":48}},"56":{"start":{"line":141,"column":20},"end":{"line":141,"column":51}},"57":{"start":{"line":142,"column":20},"end":{"line":142,"column":48}},"58":{"start":{"line":143,"column":20},"end":{"line":143,"column":45}},"59":{"start":{"line":144,"column":20},"end":{"line":144,"column":38}},"60":{"start":{"line":148,"column":12},"end":{"line":158,"column":15}},"61":{"start":{"line":152,"column":20},"end":{"line":152,"column":74}},"62":{"start":{"line":155,"column":20},"end":{"line":155,"column":44}},"63":{"start":{"line":160,"column":12},"end":{"line":166,"column":15}},"64":{"start":{"line":164,"column":20},"end":{"line":164,"column":61}},"65":{"start":{"line":168,"column":12},"end":{"line":171,"column":15}},"66":{"start":{"line":169,"column":16},"end":{"line":169,"column":71}},"67":{"start":{"line":170,"column":16},"end":{"line":170,"column":64}},"68":{"start":{"line":173,"column":12},"end":{"line":208,"column":15}},"69":{"start":{"line":174,"column":16},"end":{"line":174,"column":61}},"70":{"start":{"line":175,"column":16},"end":{"line":175,"column":64}},"71":{"start":{"line":177,"column":16},"end":{"line":177,"column":57}},"72":{"start":{"line":178,"column":16},"end":{"line":178,"column":25}},"73":{"start":{"line":179,"column":16},"end":{"line":183,"column":17}},"74":{"start":{"line":180,"column":20},"end":{"line":182,"column":65}},"75":{"start":{"line":185,"column":16},"end":{"line":192,"column":17}},"76":{"start":{"line":186,"column":20},"end":{"line":186,"column":80}},"77":{"start":{"line":187,"column":23},"end":{"line":192,"column":17}},"78":{"start":{"line":188,"column":20},"end":{"line":188,"column":30}},"79":{"start":{"line":189,"column":20},"end":{"line":191,"column":23}},"80":{"start":{"line":190,"column":24},"end":{"line":190,"column":64}},"81":{"start":{"line":194,"column":16},"end":{"line":207,"column":19}},"82":{"start":{"line":195,"column":20},"end":{"line":195,"column":68}},"83":{"start":{"line":197,"column":20},"end":{"line":206,"column":23}},"84":{"start":{"line":199,"column":28},"end":{"line":199,"column":65}},"85":{"start":{"line":200,"column":28},"end":{"line":200,"column":64}},"86":{"start":{"line":201,"column":28},"end":{"line":201,"column":59}},"87":{"start":{"line":202,"column":28},"end":{"line":202,"column":64}},"88":{"start":{"line":203,"column":28},"end":{"line":203,"column":53}},"89":{"start":{"line":204,"column":28},"end":{"line":204,"column":46}},"90":{"start":{"line":210,"column":12},"end":{"line":235,"column":15}},"91":{"start":{"line":211,"column":16},"end":{"line":211,"column":32}},"92":{"start":{"line":212,"column":16},"end":{"line":212,"column":46}},"93":{"start":{"line":213,"column":16},"end":{"line":234,"column":17}},"94":{"start":{"line":214,"column":20},"end":{"line":214,"column":50}},"95":{"start":{"line":216,"column":20},"end":{"line":216,"column":46}},"96":{"start":{"line":217,"column":20},"end":{"line":233,"column":21}},"97":{"start":{"line":218,"column":24},"end":{"line":218,"column":84}},"98":{"start":{"line":220,"column":24},"end":{"line":232,"column":27}},"99":{"start":{"line":221,"column":28},"end":{"line":221,"column":70}},"100":{"start":{"line":223,"column":28},"end":{"line":223,"column":54}},"101":{"start":{"line":224,"column":28},"end":{"line":224,"column":60}},"102":{"start":{"line":225,"column":28},"end":{"line":231,"column":29}},"103":{"start":{"line":226,"column":32},"end":{"line":228,"column":35}},"104":{"start":{"line":227,"column":36},"end":{"line":227,"column":77}},"105":{"start":{"line":230,"column":32},"end":{"line":230,"column":47}},"106":{"start":{"line":237,"column":12},"end":{"line":243,"column":15}},"107":{"start":{"line":238,"column":16},"end":{"line":238,"column":42}},"108":{"start":{"line":239,"column":16},"end":{"line":242,"column":17}},"109":{"start":{"line":240,"column":20},"end":{"line":241,"column":74}},"110":{"start":{"line":245,"column":12},"end":{"line":249,"column":15}},"111":{"start":{"line":246,"column":16},"end":{"line":246,"column":46}},"112":{"start":{"line":247,"column":16},"end":{"line":247,"column":73}},"113":{"start":{"line":248,"column":16},"end":{"line":248,"column":51}},"114":{"start":{"line":251,"column":12},"end":{"line":255,"column":15}},"115":{"start":{"line":252,"column":16},"end":{"line":252,"column":46}},"116":{"start":{"line":253,"column":16},"end":{"line":253,"column":73}},"117":{"start":{"line":254,"column":16},"end":{"line":254,"column":51}},"118":{"start":{"line":257,"column":12},"end":{"line":261,"column":15}},"119":{"start":{"line":258,"column":16},"end":{"line":258,"column":46}},"120":{"start":{"line":259,"column":16},"end":{"line":259,"column":73}},"121":{"start":{"line":260,"column":16},"end":{"line":260,"column":51}},"122":{"start":{"line":263,"column":12},"end":{"line":267,"column":15}},"123":{"start":{"line":264,"column":16},"end":{"line":264,"column":46}},"124":{"start":{"line":265,"column":16},"end":{"line":265,"column":73}},"125":{"start":{"line":266,"column":16},"end":{"line":266,"column":55}},"126":{"start":{"line":269,"column":12},"end":{"line":271,"column":15}},"127":{"start":{"line":270,"column":16},"end":{"line":270,"column":64}},"128":{"start":{"line":273,"column":12},"end":{"line":275,"column":15}},"129":{"start":{"line":274,"column":16},"end":{"line":274,"column":60}},"130":{"start":{"line":277,"column":12},"end":{"line":303,"column":15}},"131":{"start":{"line":278,"column":16},"end":{"line":278,"column":42}},"132":{"start":{"line":280,"column":16},"end":{"line":280,"column":46}},"133":{"start":{"line":281,"column":16},"end":{"line":283,"column":17}},"134":{"start":{"line":282,"column":20},"end":{"line":282,"column":56}},"135":{"start":{"line":285,"column":16},"end":{"line":302,"column":17}},"136":{"start":{"line":286,"column":20},"end":{"line":286,"column":94}},"137":{"start":{"line":288,"column":20},"end":{"line":292,"column":23}},"138":{"start":{"line":289,"column":23},"end":{"line":291,"column":26}},"139":{"start":{"line":290,"column":28},"end":{"line":290,"column":73}},"140":{"start":{"line":293,"column":20},"end":{"line":301,"column":23}},"141":{"start":{"line":294,"column":24},"end":{"line":296,"column":27}},"142":{"start":{"line":295,"column":28},"end":{"line":295,"column":56}},"143":{"start":{"line":298,"column":24},"end":{"line":300,"column":25}},"144":{"start":{"line":299,"column":28},"end":{"line":299,"column":102}},"145":{"start":{"line":305,"column":12},"end":{"line":336,"column":15}},"146":{"start":{"line":306,"column":16},"end":{"line":306,"column":42}},"147":{"start":{"line":307,"column":16},"end":{"line":307,"column":25}},"148":{"start":{"line":308,"column":16},"end":{"line":315,"column":17}},"149":{"start":{"line":309,"column":20},"end":{"line":309,"column":68}},"150":{"start":{"line":311,"column":20},"end":{"line":311,"column":30}},"151":{"start":{"line":312,"column":20},"end":{"line":314,"column":21}},"152":{"start":{"line":313,"column":24},"end":{"line":313,"column":51}},"153":{"start":{"line":317,"column":16},"end":{"line":317,"column":46}},"154":{"start":{"line":318,"column":16},"end":{"line":335,"column":17}},"155":{"start":{"line":319,"column":20},"end":{"line":319,"column":75}},"156":{"start":{"line":321,"column":20},"end":{"line":325,"column":23}},"157":{"start":{"line":322,"column":23},"end":{"line":324,"column":26}},"158":{"start":{"line":323,"column":27},"end":{"line":323,"column":67}},"159":{"start":{"line":326,"column":20},"end":{"line":334,"column":23}},"160":{"start":{"line":327,"column":24},"end":{"line":329,"column":27}},"161":{"start":{"line":328,"column":28},"end":{"line":328,"column":56}},"162":{"start":{"line":331,"column":24},"end":{"line":333,"column":25}},"163":{"start":{"line":332,"column":28},"end":{"line":332,"column":83}},"164":{"start":{"line":338,"column":12},"end":{"line":360,"column":15}},"165":{"start":{"line":339,"column":16},"end":{"line":339,"column":42}},"166":{"start":{"line":340,"column":16},"end":{"line":340,"column":30}},"167":{"start":{"line":341,"column":16},"end":{"line":343,"column":17}},"168":{"start":{"line":342,"column":20},"end":{"line":342,"column":47}},"169":{"start":{"line":345,"column":16},"end":{"line":345,"column":46}},"170":{"start":{"line":347,"column":16},"end":{"line":351,"column":19}},"171":{"start":{"line":348,"column":20},"end":{"line":350,"column":23}},"172":{"start":{"line":349,"column":24},"end":{"line":349,"column":68}},"173":{"start":{"line":352,"column":16},"end":{"line":359,"column":19}},"174":{"start":{"line":353,"column":20},"end":{"line":355,"column":23}},"175":{"start":{"line":354,"column":24},"end":{"line":354,"column":52}},"176":{"start":{"line":356,"column":20},"end":{"line":358,"column":21}},"177":{"start":{"line":357,"column":24},"end":{"line":357,"column":97}},"178":{"start":{"line":362,"column":12},"end":{"line":394,"column":15}},"179":{"start":{"line":363,"column":16},"end":{"line":363,"column":42}},"180":{"start":{"line":365,"column":16},"end":{"line":365,"column":46}},"181":{"start":{"line":366,"column":16},"end":{"line":368,"column":17}},"182":{"start":{"line":367,"column":20},"end":{"line":367,"column":63}},"183":{"start":{"line":370,"column":16},"end":{"line":370,"column":72}},"184":{"start":{"line":371,"column":16},"end":{"line":373,"column":17}},"185":{"start":{"line":372,"column":20},"end":{"line":372,"column":37}},"186":{"start":{"line":375,"column":16},"end":{"line":393,"column":17}},"187":{"start":{"line":376,"column":20},"end":{"line":376,"column":54}},"188":{"start":{"line":378,"column":20},"end":{"line":382,"column":23}},"189":{"start":{"line":379,"column":24},"end":{"line":381,"column":27}},"190":{"start":{"line":380,"column":28},"end":{"line":380,"column":64}},"191":{"start":{"line":384,"column":20},"end":{"line":392,"column":23}},"192":{"start":{"line":385,"column":24},"end":{"line":387,"column":27}},"193":{"start":{"line":386,"column":28},"end":{"line":386,"column":56}},"194":{"start":{"line":389,"column":24},"end":{"line":391,"column":25}},"195":{"start":{"line":390,"column":28},"end":{"line":390,"column":62}}},"branchMap":{"1":{"line":24,"type":"if","locations":[{"start":{"line":24,"column":4},"end":{"line":24,"column":4}},{"start":{"line":24,"column":4},"end":{"line":24,"column":4}}]},"2":{"line":26,"type":"if","locations":[{"start":{"line":26,"column":11},"end":{"line":26,"column":11}},{"start":{"line":26,"column":11},"end":{"line":26,"column":11}}]},"3":{"line":26,"type":"binary-expr","locations":[{"start":{"line":26,"column":15},"end":{"line":26,"column":43}},{"start":{"line":26,"column":47},"end":{"line":26,"column":57}}]},"4":{"line":29,"type":"binary-expr","locations":[{"start":{"line":29,"column":25},"end":{"line":29,"column":39}},{"start":{"line":29,"column":43},"end":{"line":29,"column":45}}]},"5":{"line":37,"type":"binary-expr","locations":[{"start":{"line":37,"column":20},"end":{"line":37,"column":29}},{"start":{"line":37,"column":33},"end":{"line":46,"column":5}}]},"6":{"line":39,"type":"if","locations":[{"start":{"line":39,"column":8},"end":{"line":39,"column":8}},{"start":{"line":39,"column":8},"end":{"line":39,"column":8}}]},"7":{"line":39,"type":"binary-expr","locations":[{"start":{"line":39,"column":12},"end":{"line":39,"column":19}},{"start":{"line":39,"column":23},"end":{"line":39,"column":30}}]},"8":{"line":42,"type":"if","locations":[{"start":{"line":42,"column":8},"end":{"line":42,"column":8}},{"start":{"line":42,"column":8},"end":{"line":42,"column":8}}]},"9":{"line":49,"type":"binary-expr","locations":[{"start":{"line":49,"column":15},"end":{"line":49,"column":20}},{"start":{"line":49,"column":24},"end":{"line":49,"column":52}},{"start":{"line":50,"column":12},"end":{"line":50,"column":34}}]},"10":{"line":54,"type":"binary-expr","locations":[{"start":{"line":54,"column":15},"end":{"line":54,"column":20}},{"start":{"line":54,"column":24},"end":{"line":54,"column":42}}]},"11":{"line":58,"type":"binary-expr","locations":[{"start":{"line":58,"column":15},"end":{"line":58,"column":35}},{"start":{"line":59,"column":12},"end":{"line":59,"column":31}}]},"12":{"line":63,"type":"binary-expr","locations":[{"start":{"line":63,"column":15},"end":{"line":63,"column":20}},{"start":{"line":63,"column":24},"end":{"line":63,"column":56}},{"start":{"line":64,"column":12},"end":{"line":64,"column":45}}]},"13":{"line":68,"type":"if","locations":[{"start":{"line":68,"column":8},"end":{"line":68,"column":8}},{"start":{"line":68,"column":8},"end":{"line":68,"column":8}}]},"14":{"line":80,"type":"if","locations":[{"start":{"line":80,"column":8},"end":{"line":80,"column":8}},{"start":{"line":80,"column":8},"end":{"line":80,"column":8}}]},"15":{"line":82,"type":"if","locations":[{"start":{"line":82,"column":16},"end":{"line":82,"column":16}},{"start":{"line":82,"column":16},"end":{"line":82,"column":16}}]},"16":{"line":110,"type":"binary-expr","locations":[{"start":{"line":110,"column":27},"end":{"line":110,"column":32}},{"start":{"line":110,"column":36},"end":{"line":110,"column":57}}]},"17":{"line":169,"type":"cond-expr","locations":[{"start":{"line":169,"column":50},"end":{"line":169,"column":58}},{"start":{"line":169,"column":61},"end":{"line":169,"column":70}}]},"18":{"line":180,"type":"cond-expr","locations":[{"start":{"line":181,"column":24},"end":{"line":181,"column":54}},{"start":{"line":182,"column":24},"end":{"line":182,"column":64}}]},"19":{"line":185,"type":"if","locations":[{"start":{"line":185,"column":16},"end":{"line":185,"column":16}},{"start":{"line":185,"column":16},"end":{"line":185,"column":16}}]},"20":{"line":187,"type":"if","locations":[{"start":{"line":187,"column":23},"end":{"line":187,"column":23}},{"start":{"line":187,"column":23},"end":{"line":187,"column":23}}]},"21":{"line":213,"type":"if","locations":[{"start":{"line":213,"column":16},"end":{"line":213,"column":16}},{"start":{"line":213,"column":16},"end":{"line":213,"column":16}}]},"22":{"line":217,"type":"if","locations":[{"start":{"line":217,"column":20},"end":{"line":217,"column":20}},{"start":{"line":217,"column":20},"end":{"line":217,"column":20}}]},"23":{"line":217,"type":"binary-expr","locations":[{"start":{"line":217,"column":24},"end":{"line":217,"column":29}},{"start":{"line":217,"column":33},"end":{"line":217,"column":52}},{"start":{"line":217,"column":57},"end":{"line":217,"column":82}},{"start":{"line":217,"column":86},"end":{"line":217,"column":101}}]},"24":{"line":225,"type":"if","locations":[{"start":{"line":225,"column":28},"end":{"line":225,"column":28}},{"start":{"line":225,"column":28},"end":{"line":225,"column":28}}]},"25":{"line":239,"type":"if","locations":[{"start":{"line":239,"column":16},"end":{"line":239,"column":16}},{"start":{"line":239,"column":16},"end":{"line":239,"column":16}}]},"26":{"line":247,"type":"cond-expr","locations":[{"start":{"line":247,"column":52},"end":{"line":247,"column":60}},{"start":{"line":247,"column":63},"end":{"line":247,"column":72}}]},"27":{"line":253,"type":"cond-expr","locations":[{"start":{"line":253,"column":52},"end":{"line":253,"column":60}},{"start":{"line":253,"column":63},"end":{"line":253,"column":72}}]},"28":{"line":259,"type":"cond-expr","locations":[{"start":{"line":259,"column":52},"end":{"line":259,"column":60}},{"start":{"line":259,"column":63},"end":{"line":259,"column":72}}]},"29":{"line":265,"type":"cond-expr","locations":[{"start":{"line":265,"column":52},"end":{"line":265,"column":60}},{"start":{"line":265,"column":63},"end":{"line":265,"column":72}}]},"30":{"line":281,"type":"if","locations":[{"start":{"line":281,"column":16},"end":{"line":281,"column":16}},{"start":{"line":281,"column":16},"end":{"line":281,"column":16}}]},"31":{"line":285,"type":"if","locations":[{"start":{"line":285,"column":16},"end":{"line":285,"column":16}},{"start":{"line":285,"column":16},"end":{"line":285,"column":16}}]},"32":{"line":298,"type":"if","locations":[{"start":{"line":298,"column":24},"end":{"line":298,"column":24}},{"start":{"line":298,"column":24},"end":{"line":298,"column":24}}]},"33":{"line":308,"type":"if","locations":[{"start":{"line":308,"column":16},"end":{"line":308,"column":16}},{"start":{"line":308,"column":16},"end":{"line":308,"column":16}}]},"34":{"line":318,"type":"if","locations":[{"start":{"line":318,"column":16},"end":{"line":318,"column":16}},{"start":{"line":318,"column":16},"end":{"line":318,"column":16}}]},"35":{"line":331,"type":"if","locations":[{"start":{"line":331,"column":24},"end":{"line":331,"column":24}},{"start":{"line":331,"column":24},"end":{"line":331,"column":24}}]},"36":{"line":356,"type":"if","locations":[{"start":{"line":356,"column":20},"end":{"line":356,"column":20}},{"start":{"line":356,"column":20},"end":{"line":356,"column":20}}]},"37":{"line":366,"type":"if","locations":[{"start":{"line":366,"column":16},"end":{"line":366,"column":16}},{"start":{"line":366,"column":16},"end":{"line":366,"column":16}}]},"38":{"line":371,"type":"if","locations":[{"start":{"line":371,"column":16},"end":{"line":371,"column":16}},{"start":{"line":371,"column":16},"end":{"line":371,"column":16}}]},"39":{"line":375,"type":"if","locations":[{"start":{"line":375,"column":16},"end":{"line":375,"column":16}},{"start":{"line":375,"column":16},"end":{"line":375,"column":16}}]},"40":{"line":389,"type":"if","locations":[{"start":{"line":389,"column":24},"end":{"line":389,"column":24}},{"start":{"line":389,"column":24},"end":{"line":389,"column":24}}]}}}}