TN:
SF:/home/andreas/work/unexpected-sinon/bootstrap-unexpected-markdown.js
FNF:0
FNH:0
DA:2,1
DA:3,1
DA:4,1
DA:5,1
DA:6,1
LF:5
LH:5
BRF:0
BRH:0
end_of_record
TN:
SF:/home/andreas/work/unexpected-sinon/lib/unexpected-sinon.js
FN:24,(anonymous_1)
FN:33,(anonymous_2)
FN:34,isRegExp
FN:38,isSpy
FN:43,isSpyCall
FN:47,isSpyCalls
FN:52,toSpyArguments
FN:58,getCalls
FN:62,escapeRegExpMetaChars
FN:73,makePathsRelativeToCwdOrLocation
FN:81,recordSpyCalls
FN:82,(anonymous_12)
FN:89,(anonymous_13)
FN:103,(anonymous_14)
FN:122,(anonymous_15)
FN:131,(anonymous_16)
FN:135,(anonymous_17)
FN:138,(anonymous_18)
FN:141,(anonymous_19)
FN:150,(anonymous_20)
FN:156,(anonymous_21)
FN:163,(anonymous_22)
FN:168,(anonymous_23)
FN:171,(anonymous_24)
FN:184,(anonymous_25)
FN:187,(anonymous_26)
FN:190,(anonymous_27)
FN:194,(anonymous_28)
FN:196,(anonymous_29)
FN:202,(anonymous_30)
FN:204,(anonymous_31)
FN:213,(anonymous_32)
FN:224,(anonymous_33)
FN:228,(anonymous_34)
FN:233,(anonymous_35)
FN:240,(anonymous_36)
FN:248,(anonymous_37)
FN:254,(anonymous_38)
FN:259,(anonymous_39)
FN:264,(anonymous_40)
FN:271,(anonymous_41)
FN:278,(anonymous_42)
FN:286,(anonymous_43)
FN:293,(anonymous_44)
FN:294,(anonymous_45)
FN:297,(anonymous_46)
FN:310,(anonymous_47)
FN:317,(anonymous_48)
FN:318,(anonymous_49)
FN:321,(anonymous_50)
FN:344,(anonymous_51)
FN:353,(anonymous_52)
FN:355,(anonymous_53)
FN:359,(anonymous_54)
FN:370,(anonymous_55)
FN:378,(anonymous_56)
FN:385,(anonymous_57)
FN:390,(anonymous_58)
FN:396,(anonymous_59)
FN:403,(anonymous_60)
FN:409,(anonymous_61)
FN:414,wrapSpyInObject
FN:424,(anonymous_63)
FN:437,(anonymous_64)
FN:447,(anonymous_65)
FN:454,(anonymous_66)
FN:462,(anonymous_67)
FN:468,(anonymous_68)
FN:474,(anonymous_69)
FN:480,(anonymous_70)
FN:486,(anonymous_71)
FN:490,(anonymous_72)
FN:494,(anonymous_73)
FN:505,(anonymous_74)
FN:506,(anonymous_75)
FN:510,(anonymous_76)
FN:511,(anonymous_77)
FN:522,(anonymous_78)
FN:526,(anonymous_79)
FN:535,(anonymous_80)
FN:536,(anonymous_81)
FN:540,(anonymous_82)
FN:541,(anonymous_83)
FN:551,(anonymous_84)
FN:555,(anonymous_85)
FN:558,(anonymous_86)
FN:564,(anonymous_87)
FN:575,(anonymous_88)
FN:591,(anonymous_89)
FN:592,(anonymous_90)
FN:596,(anonymous_91)
FN:597,(anonymous_92)
FN:608,(anonymous_93)
FN:617,(anonymous_94)
FN:618,(anonymous_95)
FN:622,(anonymous_96)
FN:623,(anonymous_97)
FN:632,(anonymous_98)
FN:648,(anonymous_99)
FN:649,(anonymous_100)
FN:654,(anonymous_101)
FN:655,(anonymous_102)
FNF:102
FNH:98
FNDA:1,(anonymous_1)
FNDA:1,(anonymous_2)
FNDA:0,isRegExp
FNDA:12602,isSpy
FNDA:6746,isSpyCall
FNDA:5997,isSpyCalls
FNDA:309,toSpyArguments
FNDA:59,getCalls
FNDA:1,escapeRegExpMetaChars
FNDA:184,makePathsRelativeToCwdOrLocation
FNDA:12,recordSpyCalls
FNDA:14,(anonymous_12)
FNDA:25,(anonymous_13)
FNDA:14,(anonymous_14)
FNDA:16,(anonymous_15)
FNDA:1,(anonymous_16)
FNDA:5065,(anonymous_17)
FNDA:228,(anonymous_18)
FNDA:228,(anonymous_19)
FNDA:228,(anonymous_20)
FNDA:228,(anonymous_21)
FNDA:168,(anonymous_22)
FNDA:0,(anonymous_23)
FNDA:0,(anonymous_24)
FNDA:68,(anonymous_25)
FNDA:68,(anonymous_26)
FNDA:102,(anonymous_27)
FNDA:58,(anonymous_28)
FNDA:36,(anonymous_29)
FNDA:30,(anonymous_30)
FNDA:30,(anonymous_31)
FNDA:414,(anonymous_32)
FNDA:2,(anonymous_33)
FNDA:2,(anonymous_34)
FNDA:123,(anonymous_35)
FNDA:198,(anonymous_36)
FNDA:122,(anonymous_37)
FNDA:122,(anonymous_38)
FNDA:122,(anonymous_39)
FNDA:122,(anonymous_40)
FNDA:122,(anonymous_41)
FNDA:122,(anonymous_42)
FNDA:122,(anonymous_43)
FNDA:61,(anonymous_44)
FNDA:61,(anonymous_45)
FNDA:60,(anonymous_46)
FNDA:420,(anonymous_47)
FNDA:20,(anonymous_48)
FNDA:20,(anonymous_49)
FNDA:20,(anonymous_50)
FNDA:20,(anonymous_51)
FNDA:15,(anonymous_52)
FNDA:7,(anonymous_53)
FNDA:4,(anonymous_54)
FNDA:6,(anonymous_55)
FNDA:8,(anonymous_56)
FNDA:21,(anonymous_57)
FNDA:12,(anonymous_58)
FNDA:25,(anonymous_59)
FNDA:47,(anonymous_60)
FNDA:48,(anonymous_61)
FNDA:64,wrapSpyInObject
FNDA:34,(anonymous_63)
FNDA:2,(anonymous_64)
FNDA:0,(anonymous_65)
FNDA:32,(anonymous_66)
FNDA:3,(anonymous_67)
FNDA:5,(anonymous_68)
FNDA:3,(anonymous_69)
FNDA:3,(anonymous_70)
FNDA:2,(anonymous_71)
FNDA:6,(anonymous_72)
FNDA:4,(anonymous_73)
FNDA:2,(anonymous_74)
FNDA:2,(anonymous_75)
FNDA:1,(anonymous_76)
FNDA:1,(anonymous_77)
FNDA:13,(anonymous_78)
FNDA:15,(anonymous_79)
FNDA:12,(anonymous_80)
FNDA:12,(anonymous_81)
FNDA:11,(anonymous_82)
FNDA:12,(anonymous_83)
FNDA:2,(anonymous_84)
FNDA:4,(anonymous_85)
FNDA:4,(anonymous_86)
FNDA:4,(anonymous_87)
FNDA:11,(anonymous_88)
FNDA:7,(anonymous_89)
FNDA:7,(anonymous_90)
FNDA:5,(anonymous_91)
FNDA:6,(anonymous_92)
FNDA:3,(anonymous_93)
FNDA:4,(anonymous_94)
FNDA:4,(anonymous_95)
FNDA:3,(anonymous_96)
FNDA:4,(anonymous_97)
FNDA:12,(anonymous_98)
FNDA:5,(anonymous_99)
FNDA:5,(anonymous_100)
FNDA:5,(anonymous_101)
FNDA:5,(anonymous_102)
DA:24,1
DA:25,1
DA:26,1
DA:27,0
DA:28,0
DA:30,0
DA:31,0
DA:34,1
DA:35,0
DA:38,1
DA:39,12602
DA:43,1
DA:44,6746
DA:47,1
DA:48,5997
DA:52,1
DA:53,309
DA:54,309
DA:55,309
DA:58,1
DA:59,59
DA:62,1
DA:63,1
DA:66,1
DA:67,1
DA:68,0
DA:69,1
DA:70,1
DA:73,1
DA:74,184
DA:75,184
DA:77,0
DA:81,1
DA:82,12
DA:83,14
DA:89,14
DA:90,14
DA:91,826
DA:92,280
DA:93,84
DA:95,196
DA:99,14
DA:101,12
DA:102,12
DA:103,12
DA:104,14
DA:105,14
DA:106,25
DA:107,25
DA:108,25
DA:115,25
DA:116,25
DA:118,14
DA:119,294
DA:122,12
DA:123,16
DA:126,12
DA:129,1
DA:132,1
DA:136,5065
DA:139,228
DA:142,228
DA:146,1
DA:151,228
DA:152,6
DA:154,228
DA:157,228
DA:158,228
DA:159,184
DA:161,228
DA:164,168
DA:165,168
DA:166,168
DA:169,0
DA:172,0
DA:173,0
DA:174,0
DA:175,0
DA:176,0
DA:177,0
DA:181,1
DA:185,68
DA:188,68
DA:191,102
DA:195,58
DA:196,58
DA:197,36
DA:203,30
DA:205,30
DA:210,1
DA:214,414
DA:215,414
DA:216,414
DA:217,414
DA:219,0
DA:224,1
DA:225,2
DA:228,1
DA:229,2
DA:230,2
DA:233,1
DA:234,123
DA:235,123
DA:237,123
DA:238,0
DA:240,123
DA:241,198
DA:243,123
DA:244,1
DA:247,122
DA:249,122
DA:250,122
DA:251,71
DA:255,122
DA:256,39
DA:260,122
DA:261,82
DA:265,122
DA:266,4
DA:267,118
DA:268,0
DA:272,122
DA:273,1
DA:274,121
DA:275,0
DA:279,122
DA:280,0
DA:281,122
DA:282,0
DA:287,122
DA:288,0
DA:293,122
DA:294,61
DA:295,61
DA:296,61
DA:298,60
DA:299,60
DA:300,60
DA:301,60
DA:302,60
DA:303,42
DA:305,18
DA:307,60
DA:309,60
DA:310,60
DA:311,420
DA:312,20
DA:316,60
DA:317,20
DA:318,20
DA:319,20
DA:320,20
DA:321,20
DA:322,20
DA:326,20
DA:327,0
DA:331,20
DA:335,60
DA:336,60
DA:337,60
DA:344,1
DA:345,20
DA:346,20
DA:347,5
DA:349,15
DA:350,15
DA:351,0
DA:353,15
DA:354,15
DA:356,7
DA:357,7
DA:358,7
DA:359,4
DA:360,4
DA:363,3
DA:370,1
DA:371,6
DA:372,6
DA:373,2
DA:378,1
DA:379,8
DA:380,8
DA:381,6
DA:383,8
DA:384,8
DA:385,8
DA:386,21
DA:387,21
DA:388,21
DA:390,8
DA:391,12
DA:393,8
DA:396,1
DA:397,25
DA:398,25
DA:399,9
DA:401,25
DA:402,25
DA:403,25
DA:404,47
DA:405,41
DA:406,41
DA:409,25
DA:410,48
DA:413,25
DA:414,1
DA:415,64
DA:416,29
DA:417,29
DA:418,35
DA:419,2
DA:420,33
DA:421,32
DA:422,32
DA:425,34
DA:428,2
DA:431,30
DA:432,3
DA:434,30
DA:436,1
DA:437,1
DA:438,2
DA:444,25
DA:445,25
DA:446,0
DA:447,0
DA:448,0
DA:449,0
DA:453,24
DA:454,24
DA:455,32
DA:457,23
DA:459,23
DA:462,1
DA:463,3
DA:464,3
DA:465,3
DA:468,1
DA:469,5
DA:470,5
DA:471,5
DA:474,1
DA:475,3
DA:476,3
DA:477,3
DA:480,1
DA:481,3
DA:482,3
DA:483,3
DA:486,1
DA:487,2
DA:490,1
DA:491,6
DA:494,1
DA:495,4
DA:497,4
DA:498,4
DA:499,1
DA:502,3
DA:503,2
DA:505,1
DA:506,2
DA:507,2
DA:510,1
DA:511,1
DA:512,1
DA:515,1
DA:516,0
DA:522,1
DA:523,13
DA:524,13
DA:527,15
DA:530,2
DA:533,11
DA:534,11
DA:535,11
DA:536,12
DA:537,12
DA:540,11
DA:541,11
DA:542,12
DA:545,11
DA:546,6
DA:551,1
DA:552,2
DA:555,1
DA:556,4
DA:557,4
DA:558,4
DA:559,4
DA:560,4
DA:561,4
DA:563,4
DA:564,3
DA:565,4
DA:568,4
DA:569,2
DA:570,2
DA:572,2
DA:575,1
DA:576,11
DA:577,11
DA:578,11
DA:579,6
DA:581,5
DA:582,5
DA:583,13
DA:587,11
DA:588,11
DA:589,6
DA:591,5
DA:592,7
DA:593,7
DA:596,5
DA:597,5
DA:598,6
DA:601,5
DA:602,2
DA:608,1
DA:609,3
DA:610,3
DA:611,3
DA:612,5
DA:615,3
DA:617,3
DA:618,4
DA:619,4
DA:622,3
DA:623,3
DA:624,4
DA:626,3
DA:627,2
DA:632,1
DA:633,12
DA:635,12
DA:636,12
DA:637,1
DA:640,11
DA:641,11
DA:642,8
DA:645,11
DA:646,6
DA:648,5
DA:649,5
DA:650,5
DA:654,5
DA:655,5
DA:656,5
DA:659,5
DA:660,3
LF:350
LH:322
BRDA:25,1,0,1
BRDA:25,1,1,0
BRDA:27,2,0,0
BRDA:27,2,1,0
BRDA:27,3,0,0
BRDA:27,3,1,0
BRDA:30,4,0,0
BRDA:30,4,1,0
BRDA:39,5,0,12602
BRDA:39,5,1,6988
BRDA:39,5,2,1752
BRDA:44,6,0,6746
BRDA:44,6,1,5845
BRDA:48,7,0,5997
BRDA:48,7,1,1196
BRDA:67,8,0,0
BRDA:67,8,1,1
BRDA:67,9,0,1
BRDA:67,9,1,0
BRDA:69,10,0,1
BRDA:69,10,1,0
BRDA:69,11,0,1
BRDA:69,11,1,1
BRDA:69,11,2,1
BRDA:69,11,3,1
BRDA:74,12,0,184
BRDA:74,12,1,0
BRDA:91,13,0,280
BRDA:91,13,1,546
BRDA:91,14,0,826
BRDA:91,14,1,826
BRDA:92,15,0,84
BRDA:92,15,1,196
BRDA:136,16,0,5065
BRDA:136,16,1,4391
BRDA:151,17,0,6
BRDA:151,17,1,222
BRDA:157,18,0,228
BRDA:157,18,1,184
BRDA:158,19,0,184
BRDA:158,19,1,44
BRDA:158,20,0,228
BRDA:158,20,1,184
BRDA:196,21,0,58
BRDA:196,21,1,58
BRDA:196,21,2,38
BRDA:196,21,3,31
BRDA:215,22,0,0
BRDA:215,22,1,414
BRDA:216,23,0,414
BRDA:216,23,1,0
BRDA:237,24,0,0
BRDA:237,24,1,123
BRDA:237,25,0,123
BRDA:237,25,1,123
BRDA:243,26,0,1
BRDA:243,26,1,122
BRDA:249,27,0,122
BRDA:249,27,1,89
BRDA:250,28,0,71
BRDA:250,28,1,51
BRDA:255,29,0,39
BRDA:255,29,1,83
BRDA:260,30,0,82
BRDA:260,30,1,40
BRDA:265,31,0,4
BRDA:265,31,1,118
BRDA:267,32,0,0
BRDA:267,32,1,118
BRDA:272,33,0,1
BRDA:272,33,1,121
BRDA:274,34,0,0
BRDA:274,34,1,121
BRDA:279,35,0,0
BRDA:279,35,1,122
BRDA:281,36,0,0
BRDA:281,36,1,122
BRDA:287,37,0,0
BRDA:287,37,1,122
BRDA:300,38,0,60
BRDA:300,38,1,60
BRDA:300,38,2,42
BRDA:301,39,0,60
BRDA:301,39,1,60
BRDA:302,40,0,42
BRDA:302,40,1,18
BRDA:302,41,0,60
BRDA:302,41,1,42
BRDA:311,42,0,20
BRDA:311,42,1,400
BRDA:311,43,0,420
BRDA:311,43,1,60
BRDA:311,43,2,368
BRDA:316,44,0,20
BRDA:316,44,1,40
BRDA:321,45,0,0
BRDA:321,45,1,20
BRDA:326,46,0,0
BRDA:326,46,1,20
BRDA:346,47,0,5
BRDA:346,47,1,15
BRDA:350,48,0,0
BRDA:350,48,1,15
BRDA:350,49,0,15
BRDA:350,49,1,15
BRDA:350,49,2,0
BRDA:350,49,3,0
BRDA:358,50,0,4
BRDA:358,50,1,3
BRDA:372,51,0,2
BRDA:372,51,1,4
BRDA:380,52,0,6
BRDA:380,52,1,2
BRDA:398,53,0,9
BRDA:398,53,1,16
BRDA:404,54,0,41
BRDA:404,54,1,6
BRDA:415,55,0,29
BRDA:415,55,1,35
BRDA:418,56,0,2
BRDA:418,56,1,33
BRDA:420,57,0,32
BRDA:420,57,1,1
BRDA:420,58,0,33
BRDA:420,58,1,33
BRDA:422,59,0,2
BRDA:422,59,1,30
BRDA:423,60,0,32
BRDA:423,60,1,32
BRDA:431,61,0,3
BRDA:431,61,1,27
BRDA:444,62,0,25
BRDA:444,62,1,0
BRDA:446,63,0,0
BRDA:446,63,1,0
BRDA:446,64,0,0
BRDA:446,64,1,0
BRDA:464,65,0,2
BRDA:464,65,1,1
BRDA:470,66,0,4
BRDA:470,66,1,1
BRDA:476,67,0,3
BRDA:476,67,1,0
BRDA:482,68,0,3
BRDA:482,68,1,0
BRDA:498,69,0,1
BRDA:498,69,1,3
BRDA:502,70,0,2
BRDA:502,70,1,1
BRDA:515,71,0,0
BRDA:515,71,1,1
BRDA:524,72,0,2
BRDA:524,72,1,11
BRDA:525,73,0,13
BRDA:525,73,1,13
BRDA:545,74,0,6
BRDA:545,74,1,5
BRDA:563,75,0,3
BRDA:563,75,1,1
BRDA:568,76,0,2
BRDA:568,76,1,2
BRDA:578,77,0,6
BRDA:578,77,1,5
BRDA:588,78,0,6
BRDA:588,78,1,5
BRDA:601,79,0,2
BRDA:601,79,1,3
BRDA:626,80,0,2
BRDA:626,80,1,1
BRDA:636,81,0,1
BRDA:636,81,1,11
BRDA:641,82,0,8
BRDA:641,82,1,3
BRDA:645,83,0,6
BRDA:645,83,1,5
BRDA:659,84,0,3
BRDA:659,84,1,2
BRF:177
BRH:145
end_of_record
