TN:
SF:/home/andreas/work/unexpected-sinon/bootstrap-unexpected-markdown.js
FNF:0
FNH:0
DA:3,1
DA:4,1
DA:5,1
DA:6,1
DA:7,1
DA:8,0
DA:10,1
LF:7
LH:6
BRDA:7,1,0,0
BRDA:7,1,1,1
BRF:2
BRH:1
end_of_record
TN:
SF:/home/andreas/work/unexpected-sinon/lib/unexpected-sinon.js
FN:24,(anonymous_1)
FN:33,(anonymous_2)
FN:34,isRegExp
FN:39,isSpy
FN:44,isStub
FN:48,isSandbox
FN:52,isSpyCall
FN:56,isSpyCalls
FN:60,toSpyCalls
FN:66,toSpyArguments
FN:72,getCalls
FN:76,escapeRegExpMetaChars
FN:80,isNonEmptyAndHasOnlyNumericalProperties
FN:82,(anonymous_14)
FN:94,makePathsRelativeToCwdOrLocation
FN:102,recordSpyCalls
FN:103,(anonymous_17)
FN:110,(anonymous_18)
FN:127,(anonymous_19)
FN:158,(anonymous_20)
FN:165,getCallTimeLineFromSpies
FN:167,(anonymous_22)
FN:172,extractSpies
FN:178,(anonymous_24)
FN:197,(anonymous_25)
FN:201,(anonymous_26)
FN:204,(anonymous_27)
FN:207,(anonymous_28)
FN:216,(anonymous_29)
FN:224,(anonymous_30)
FN:227,(anonymous_31)
FN:232,(anonymous_32)
FN:266,(anonymous_33)
FN:272,(anonymous_34)
FN:279,(anonymous_35)
FN:284,(anonymous_36)
FN:287,(anonymous_37)
FN:300,(anonymous_38)
FN:303,(anonymous_39)
FN:306,(anonymous_40)
FN:310,(anonymous_41)
FN:312,(anonymous_42)
FN:318,(anonymous_43)
FN:320,(anonymous_44)
FN:330,(anonymous_45)
FN:341,(anonymous_46)
FN:345,(anonymous_47)
FN:350,(anonymous_48)
FN:359,(anonymous_49)
FN:368,(anonymous_50)
FN:373,(anonymous_51)
FN:384,(anonymous_52)
FN:389,(anonymous_53)
FN:398,(anonymous_54)
FN:405,(anonymous_55)
FN:412,(anonymous_56)
FN:420,(anonymous_57)
FN:427,(anonymous_58)
FN:428,(anonymous_59)
FN:434,(anonymous_60)
FN:447,(anonymous_61)
FN:455,(anonymous_62)
FN:462,(anonymous_63)
FN:463,(anonymous_64)
FN:466,(anonymous_65)
FN:489,(anonymous_66)
FN:498,(anonymous_67)
FN:500,(anonymous_68)
FN:504,(anonymous_69)
FN:515,(anonymous_70)
FN:523,(anonymous_71)
FN:527,(anonymous_72)
FN:532,(anonymous_73)
FN:538,(anonymous_74)
FN:542,(anonymous_75)
FN:548,(anonymous_76)
FN:554,wrapSpyInObject
FN:567,(anonymous_78)
FN:577,(anonymous_79)
FN:584,(anonymous_80)
FN:592,(anonymous_81)
FN:598,(anonymous_82)
FN:604,(anonymous_83)
FN:610,(anonymous_84)
FN:616,(anonymous_85)
FN:620,(anonymous_86)
FN:624,(anonymous_87)
FN:635,(anonymous_88)
FN:636,(anonymous_89)
FN:640,(anonymous_90)
FN:641,(anonymous_91)
FN:655,(anonymous_92)
FN:660,(anonymous_93)
FN:671,(anonymous_94)
FN:672,(anonymous_95)
FN:676,(anonymous_96)
FN:677,(anonymous_97)
FN:682,(anonymous_98)
FN:692,(anonymous_99)
FN:699,(anonymous_100)
FN:703,(anonymous_101)
FN:709,(anonymous_102)
FN:720,(anonymous_103)
FN:725,(anonymous_104)
FN:736,(anonymous_105)
FN:737,(anonymous_106)
FN:741,(anonymous_107)
FN:742,(anonymous_108)
FN:752,(anonymous_109)
FN:756,(anonymous_110)
FN:760,(anonymous_111)
FN:766,(anonymous_112)
FN:777,(anonymous_113)
FN:782,(anonymous_114)
FN:794,(anonymous_115)
FN:798,(anonymous_116)
FN:802,(anonymous_117)
FN:808,(anonymous_118)
FN:819,(anonymous_119)
FN:835,(anonymous_120)
FN:836,(anonymous_121)
FN:840,(anonymous_122)
FN:841,(anonymous_123)
FN:852,(anonymous_124)
FN:861,(anonymous_125)
FN:862,(anonymous_126)
FN:866,(anonymous_127)
FN:867,(anonymous_128)
FN:876,(anonymous_129)
FN:892,(anonymous_130)
FN:893,(anonymous_131)
FN:898,(anonymous_132)
FN:899,(anonymous_133)
FNF:133
FNH:130
FNDA:1,(anonymous_1)
FNDA:1,(anonymous_2)
FNDA:0,isRegExp
FNDA:29486,isSpy
FNDA:1161,isStub
FNDA:10786,isSandbox
FNDA:15466,isSpyCall
FNDA:13331,isSpyCalls
FNDA:59,toSpyCalls
FNDA:683,toSpyArguments
FNDA:163,getCalls
FNDA:1,escapeRegExpMetaChars
FNDA:359,isNonEmptyAndHasOnlyNumericalProperties
FNDA:391,(anonymous_14)
FNDA:362,makePathsRelativeToCwdOrLocation
FNDA:49,recordSpyCalls
FNDA:83,(anonymous_17)
FNDA:72,(anonymous_18)
FNDA:83,(anonymous_19)
FNDA:32,(anonymous_20)
FNDA:78,getCallTimeLineFromSpies
FNDA:51,(anonymous_22)
FNDA:286,extractSpies
FNDA:90,(anonymous_24)
FNDA:1,(anonymous_25)
FNDA:10804,(anonymous_26)
FNDA:494,(anonymous_27)
FNDA:494,(anonymous_28)
FNDA:12,(anonymous_29)
FNDA:10546,(anonymous_30)
FNDA:1161,(anonymous_31)
FNDA:22,(anonymous_32)
FNDA:470,(anonymous_33)
FNDA:470,(anonymous_34)
FNDA:380,(anonymous_35)
FNDA:164,(anonymous_36)
FNDA:0,(anonymous_37)
FNDA:158,(anonymous_38)
FNDA:158,(anonymous_39)
FNDA:264,(anonymous_40)
FNDA:135,(anonymous_41)
FNDA:110,(anonymous_42)
FNDA:74,(anonymous_43)
FNDA:74,(anonymous_44)
FNDA:816,(anonymous_45)
FNDA:2,(anonymous_46)
FNDA:2,(anonymous_47)
FNDA:271,(anonymous_48)
FNDA:524,(anonymous_49)
FNDA:270,(anonymous_50)
FNDA:270,(anonymous_51)
FNDA:270,(anonymous_52)
FNDA:2,(anonymous_53)
FNDA:270,(anonymous_54)
FNDA:270,(anonymous_55)
FNDA:270,(anonymous_56)
FNDA:270,(anonymous_57)
FNDA:146,(anonymous_58)
FNDA:146,(anonymous_59)
FNDA:90,(anonymous_60)
FNDA:630,(anonymous_61)
FNDA:16,(anonymous_62)
FNDA:6,(anonymous_63)
FNDA:6,(anonymous_64)
FNDA:6,(anonymous_65)
FNDA:20,(anonymous_66)
FNDA:15,(anonymous_67)
FNDA:7,(anonymous_68)
FNDA:4,(anonymous_69)
FNDA:6,(anonymous_70)
FNDA:15,(anonymous_71)
FNDA:38,(anonymous_72)
FNDA:22,(anonymous_73)
FNDA:37,(anonymous_74)
FNDA:70,(anonymous_75)
FNDA:64,(anonymous_76)
FNDA:88,wrapSpyInObject
FNDA:2,(anonymous_78)
FNDA:0,(anonymous_79)
FNDA:37,(anonymous_80)
FNDA:3,(anonymous_81)
FNDA:5,(anonymous_82)
FNDA:3,(anonymous_83)
FNDA:4,(anonymous_84)
FNDA:2,(anonymous_85)
FNDA:6,(anonymous_86)
FNDA:4,(anonymous_87)
FNDA:2,(anonymous_88)
FNDA:2,(anonymous_89)
FNDA:1,(anonymous_90)
FNDA:1,(anonymous_91)
FNDA:50,(anonymous_92)
FNDA:54,(anonymous_93)
FNDA:70,(anonymous_94)
FNDA:70,(anonymous_95)
FNDA:44,(anonymous_96)
FNDA:58,(anonymous_97)
FNDA:46,(anonymous_98)
FNDA:8,(anonymous_99)
FNDA:22,(anonymous_100)
FNDA:22,(anonymous_101)
FNDA:24,(anonymous_102)
FNDA:19,(anonymous_103)
FNDA:21,(anonymous_104)
FNDA:24,(anonymous_105)
FNDA:24,(anonymous_106)
FNDA:17,(anonymous_107)
FNDA:21,(anonymous_108)
FNDA:2,(anonymous_109)
FNDA:6,(anonymous_110)
FNDA:6,(anonymous_111)
FNDA:6,(anonymous_112)
FNDA:19,(anonymous_113)
FNDA:21,(anonymous_114)
FNDA:2,(anonymous_115)
FNDA:6,(anonymous_116)
FNDA:6,(anonymous_117)
FNDA:6,(anonymous_118)
FNDA:11,(anonymous_119)
FNDA:7,(anonymous_120)
FNDA:7,(anonymous_121)
FNDA:5,(anonymous_122)
FNDA:6,(anonymous_123)
FNDA:3,(anonymous_124)
FNDA:4,(anonymous_125)
FNDA:4,(anonymous_126)
FNDA:3,(anonymous_127)
FNDA:4,(anonymous_128)
FNDA:12,(anonymous_129)
FNDA:5,(anonymous_130)
FNDA:5,(anonymous_131)
FNDA:5,(anonymous_132)
FNDA:5,(anonymous_133)
DA:24,1
DA:25,1
DA:26,1
DA:27,0
DA:28,0
DA:30,0
DA:31,0
DA:34,1
DA:35,0
DA:39,1
DA:40,29486
DA:44,1
DA:45,1161
DA:48,1
DA:49,10786
DA:52,1
DA:53,15466
DA:56,1
DA:57,13331
DA:60,1
DA:61,59
DA:62,59
DA:63,59
DA:66,1
DA:67,683
DA:68,683
DA:69,683
DA:72,1
DA:73,163
DA:76,1
DA:77,1
DA:80,1
DA:81,359
DA:82,359
DA:83,391
DA:87,1
DA:88,1
DA:89,0
DA:90,1
DA:91,1
DA:94,1
DA:95,362
DA:96,362
DA:98,0
DA:102,1
DA:103,49
DA:104,83
DA:110,83
DA:111,72
DA:112,72
DA:114,83
DA:115,6261
DA:116,1742
DA:117,498
DA:119,1244
DA:123,83
DA:125,49
DA:126,49
DA:127,49
DA:128,83
DA:129,83
DA:130,72
DA:131,72
DA:132,72
DA:135,72
DA:137,72
DA:138,72
DA:139,72
DA:141,72
DA:142,0
DA:144,72
DA:151,72
DA:152,72
DA:154,83
DA:155,1825
DA:158,49
DA:159,32
DA:162,49
DA:165,1
DA:167,78
DA:168,51
DA:172,1
DA:173,286
DA:174,286
DA:175,14
DA:176,272
DA:177,37
DA:178,37
DA:179,90
DA:181,235
DA:182,62
DA:183,62
DA:184,124
DA:185,124
DA:190,173
DA:192,286
DA:195,1
DA:198,1
DA:202,10804
DA:205,494
DA:208,494
DA:212,1
DA:217,12
DA:221,1
DA:225,10546
DA:226,1300
DA:227,1300
DA:228,1161
DA:233,22
DA:234,22
DA:235,22
DA:236,22
DA:237,22
DA:239,22
DA:240,22
DA:241,22
DA:242,44
DA:243,44
DA:244,44
DA:245,40
DA:246,18
DA:248,40
DA:249,40
DA:251,4
DA:252,4
DA:255,22
DA:256,22
DA:257,22
DA:262,1
DA:267,470
DA:268,6
DA:270,470
DA:273,470
DA:274,470
DA:275,362
DA:277,470
DA:280,380
DA:281,380
DA:282,380
DA:285,164
DA:288,0
DA:289,0
DA:290,0
DA:291,0
DA:292,0
DA:293,0
DA:297,1
DA:301,158
DA:304,158
DA:307,264
DA:311,135
DA:312,135
DA:313,110
DA:319,74
DA:321,74
DA:326,1
DA:331,816
DA:332,816
DA:333,816
DA:334,816
DA:336,0
DA:341,1
DA:342,2
DA:345,1
DA:346,2
DA:347,2
DA:350,1
DA:351,271
DA:352,271
DA:354,271
DA:355,0
DA:356,271
DA:357,4
DA:359,271
DA:360,524
DA:362,271
DA:363,1
DA:366,270
DA:367,270
DA:369,270
DA:370,178
DA:374,270
DA:375,111
DA:376,111
DA:379,111
DA:381,111
DA:385,270
DA:386,229
DA:387,1
DA:388,1
DA:390,2
DA:395,228
DA:399,270
DA:400,4
DA:401,266
DA:402,0
DA:406,270
DA:407,1
DA:408,269
DA:409,0
DA:413,270
DA:414,0
DA:415,270
DA:416,0
DA:421,270
DA:422,0
DA:427,270
DA:428,146
DA:429,146
DA:430,146
DA:431,1
DA:433,145
DA:435,90
DA:436,90
DA:437,90
DA:438,90
DA:439,90
DA:440,70
DA:442,20
DA:444,90
DA:446,90
DA:447,90
DA:448,630
DA:449,34
DA:453,90
DA:454,90
DA:455,16
DA:456,16
DA:457,16
DA:458,12
DA:461,74
DA:462,6
DA:463,6
DA:464,6
DA:465,6
DA:466,6
DA:467,6
DA:471,6
DA:472,0
DA:476,6
DA:480,90
DA:481,90
DA:482,90
DA:489,1
DA:490,20
DA:491,20
DA:492,5
DA:494,15
DA:495,15
DA:496,0
DA:498,15
DA:499,15
DA:501,7
DA:502,7
DA:503,7
DA:504,4
DA:505,4
DA:508,3
DA:515,1
DA:516,6
DA:517,6
DA:518,2
DA:523,1
DA:524,15
DA:525,15
DA:526,15
DA:527,15
DA:528,38
DA:529,38
DA:530,38
DA:532,15
DA:533,22
DA:535,15
DA:538,1
DA:539,37
DA:540,37
DA:541,37
DA:542,37
DA:543,70
DA:544,64
DA:545,64
DA:548,37
DA:549,64
DA:553,37
DA:554,1
DA:555,88
DA:556,29
DA:557,29
DA:558,59
DA:559,4
DA:560,55
DA:561,54
DA:562,8
DA:564,54
DA:566,1
DA:567,1
DA:568,2
DA:574,37
DA:575,37
DA:576,0
DA:577,0
DA:578,0
DA:579,0
DA:583,36
DA:584,36
DA:585,37
DA:587,35
DA:589,35
DA:592,1
DA:593,3
DA:594,3
DA:595,3
DA:598,1
DA:599,5
DA:600,5
DA:601,5
DA:604,1
DA:605,3
DA:606,3
DA:607,3
DA:610,1
DA:611,4
DA:612,4
DA:613,4
DA:616,1
DA:617,2
DA:620,1
DA:621,6
DA:624,1
DA:625,4
DA:627,4
DA:628,4
DA:629,1
DA:632,3
DA:633,2
DA:635,1
DA:636,2
DA:637,2
DA:640,1
DA:641,1
DA:642,1
DA:645,1
DA:646,0
DA:652,1
DA:656,50
DA:657,50
DA:658,50
DA:661,54
DA:664,6
DA:667,44
DA:669,44
DA:671,44
DA:672,70
DA:673,70
DA:676,44
DA:677,44
DA:678,58
DA:681,44
DA:682,24
DA:683,46
DA:689,1
DA:693,8
DA:696,1
DA:700,22
DA:701,22
DA:702,22
DA:703,22
DA:704,22
DA:705,22
DA:706,22
DA:708,22
DA:709,20
DA:710,24
DA:713,22
DA:714,4
DA:715,4
DA:717,18
DA:720,1
DA:721,19
DA:722,19
DA:723,19
DA:726,21
DA:729,2
DA:732,17
DA:734,17
DA:736,17
DA:737,24
DA:738,24
DA:741,17
DA:742,17
DA:743,21
DA:746,17
DA:747,9
DA:752,1
DA:753,2
DA:756,1
DA:757,6
DA:758,6
DA:759,6
DA:760,6
DA:761,6
DA:762,6
DA:763,6
DA:765,6
DA:766,5
DA:767,6
DA:770,6
DA:771,2
DA:772,2
DA:774,4
DA:777,1
DA:778,19
DA:779,19
DA:780,19
DA:783,21
DA:786,2
DA:789,17
DA:791,17
DA:794,1
DA:795,2
DA:798,1
DA:799,6
DA:800,6
DA:801,6
DA:802,6
DA:803,6
DA:804,6
DA:805,6
DA:807,6
DA:808,5
DA:809,6
DA:812,6
DA:813,2
DA:814,2
DA:816,4
DA:819,1
DA:820,11
DA:821,11
DA:822,11
DA:823,6
DA:825,5
DA:826,5
DA:827,13
DA:831,11
DA:832,11
DA:833,6
DA:835,5
DA:836,7
DA:837,7
DA:840,5
DA:841,5
DA:842,6
DA:845,5
DA:846,2
DA:852,1
DA:853,3
DA:854,3
DA:855,3
DA:856,5
DA:859,3
DA:861,3
DA:862,4
DA:863,4
DA:866,3
DA:867,3
DA:868,4
DA:870,3
DA:871,2
DA:876,1
DA:877,12
DA:879,12
DA:880,12
DA:881,1
DA:884,11
DA:885,11
DA:886,8
DA:889,11
DA:890,6
DA:892,5
DA:893,5
DA:894,5
DA:898,5
DA:899,5
DA:900,5
DA:903,5
DA:904,3
LF:486
LH:458
BRDA:25,1,0,1
BRDA:25,1,1,0
BRDA:27,2,0,0
BRDA:27,2,1,0
BRDA:27,3,0,0
BRDA:27,3,1,0
BRDA:30,4,0,0
BRDA:30,4,1,0
BRDA:40,5,0,29486
BRDA:40,5,1,16774
BRDA:40,5,2,4395
BRDA:45,6,0,1161
BRDA:45,6,1,316
BRDA:49,7,0,10786
BRDA:49,7,1,9433
BRDA:49,7,2,3502
BRDA:49,7,3,40
BRDA:53,8,0,15466
BRDA:53,8,1,13683
BRDA:57,9,0,13331
BRDA:57,9,1,3423
BRDA:57,9,2,2505
BRDA:82,10,0,359
BRDA:82,10,1,359
BRDA:88,11,0,0
BRDA:88,11,1,1
BRDA:88,12,0,1
BRDA:88,12,1,0
BRDA:90,13,0,1
BRDA:90,13,1,0
BRDA:90,14,0,1
BRDA:90,14,1,1
BRDA:90,14,2,1
BRDA:90,14,3,1
BRDA:95,15,0,362
BRDA:95,15,1,0
BRDA:111,16,0,72
BRDA:111,16,1,20
BRDA:115,17,0,1742
BRDA:115,17,1,4519
BRDA:115,18,0,6261
BRDA:115,18,1,6261
BRDA:115,18,2,6221
BRDA:116,19,0,498
BRDA:116,19,1,1244
BRDA:138,20,0,72
BRDA:138,20,1,0
BRDA:141,21,0,0
BRDA:141,21,1,72
BRDA:174,22,0,14
BRDA:174,22,1,272
BRDA:175,23,0,14
BRDA:175,23,1,0
BRDA:176,24,0,37
BRDA:176,24,1,235
BRDA:181,25,0,62
BRDA:181,25,1,173
BRDA:181,26,0,235
BRDA:181,26,1,235
BRDA:184,27,0,124
BRDA:184,27,1,0
BRDA:202,28,0,10804
BRDA:202,28,1,9451
BRDA:225,29,0,1300
BRDA:225,29,1,9246
BRDA:225,30,0,10546
BRDA:225,30,1,9193
BRDA:225,30,2,3435
BRDA:227,31,0,1300
BRDA:227,31,1,1115
BRDA:235,32,0,22
BRDA:235,32,1,22
BRDA:235,32,2,22
BRDA:236,33,0,22
BRDA:236,33,1,0
BRDA:243,34,0,22
BRDA:243,34,1,22
BRDA:243,35,0,44
BRDA:243,35,1,0
BRDA:244,36,0,40
BRDA:244,36,1,4
BRDA:245,37,0,18
BRDA:245,37,1,22
BRDA:256,38,0,22
BRDA:256,38,1,0
BRDA:267,39,0,6
BRDA:267,39,1,464
BRDA:267,40,0,470
BRDA:267,40,1,468
BRDA:273,41,0,470
BRDA:273,41,1,362
BRDA:274,42,0,362
BRDA:274,42,1,108
BRDA:274,43,0,470
BRDA:274,43,1,362
BRDA:312,44,0,135
BRDA:312,44,1,135
BRDA:312,44,2,134
BRDA:312,44,3,134
BRDA:312,44,4,114
BRDA:312,44,5,105
BRDA:332,45,0,0
BRDA:332,45,1,816
BRDA:333,46,0,816
BRDA:333,46,1,0
BRDA:354,47,0,0
BRDA:354,47,1,271
BRDA:354,48,0,271
BRDA:354,48,1,271
BRDA:356,49,0,4
BRDA:356,49,1,267
BRDA:356,50,0,271
BRDA:356,50,1,269
BRDA:362,51,0,1
BRDA:362,51,1,270
BRDA:366,52,0,270
BRDA:366,52,1,165
BRDA:369,53,0,178
BRDA:369,53,1,92
BRDA:374,54,0,111
BRDA:374,54,1,159
BRDA:385,55,0,229
BRDA:385,55,1,41
BRDA:386,56,0,1
BRDA:386,56,1,228
BRDA:386,57,0,229
BRDA:386,57,1,34
BRDA:399,58,0,4
BRDA:399,58,1,266
BRDA:401,59,0,0
BRDA:401,59,1,266
BRDA:406,60,0,1
BRDA:406,60,1,269
BRDA:408,61,0,0
BRDA:408,61,1,269
BRDA:413,62,0,0
BRDA:413,62,1,270
BRDA:415,63,0,0
BRDA:415,63,1,270
BRDA:421,64,0,0
BRDA:421,64,1,270
BRDA:430,65,0,1
BRDA:430,65,1,145
BRDA:430,66,0,146
BRDA:430,66,1,146
BRDA:437,67,0,90
BRDA:437,67,1,90
BRDA:437,67,2,82
BRDA:438,68,0,90
BRDA:438,68,1,90
BRDA:439,69,0,70
BRDA:439,69,1,20
BRDA:439,70,0,90
BRDA:439,70,1,82
BRDA:448,71,0,34
BRDA:448,71,1,596
BRDA:448,72,0,630
BRDA:448,72,1,90
BRDA:448,72,2,556
BRDA:454,73,0,16
BRDA:454,73,1,74
BRDA:454,74,0,90
BRDA:454,74,1,10
BRDA:454,74,2,86
BRDA:454,74,3,12
BRDA:454,74,4,12
BRDA:457,75,0,12
BRDA:457,75,1,4
BRDA:461,76,0,6
BRDA:461,76,1,68
BRDA:466,77,0,0
BRDA:466,77,1,6
BRDA:471,78,0,0
BRDA:471,78,1,6
BRDA:491,79,0,5
BRDA:491,79,1,15
BRDA:495,80,0,0
BRDA:495,80,1,15
BRDA:495,81,0,15
BRDA:495,81,1,15
BRDA:495,81,2,0
BRDA:495,81,3,0
BRDA:503,82,0,4
BRDA:503,82,1,3
BRDA:517,83,0,2
BRDA:517,83,1,4
BRDA:543,84,0,64
BRDA:543,84,1,6
BRDA:555,85,0,29
BRDA:555,85,1,59
BRDA:558,86,0,4
BRDA:558,86,1,55
BRDA:558,87,0,59
BRDA:558,87,1,57
BRDA:558,87,2,57
BRDA:558,87,3,56
BRDA:560,88,0,54
BRDA:560,88,1,1
BRDA:560,89,0,55
BRDA:560,89,1,55
BRDA:561,90,0,8
BRDA:561,90,1,46
BRDA:574,91,0,37
BRDA:574,91,1,0
BRDA:576,92,0,0
BRDA:576,92,1,0
BRDA:576,93,0,0
BRDA:576,93,1,0
BRDA:594,94,0,2
BRDA:594,94,1,1
BRDA:600,95,0,4
BRDA:600,95,1,1
BRDA:606,96,0,3
BRDA:606,96,1,0
BRDA:612,97,0,4
BRDA:612,97,1,0
BRDA:628,98,0,1
BRDA:628,98,1,3
BRDA:632,99,0,2
BRDA:632,99,1,1
BRDA:645,100,0,0
BRDA:645,100,1,1
BRDA:658,101,0,6
BRDA:658,101,1,44
BRDA:659,102,0,50
BRDA:659,102,1,50
BRDA:681,103,0,24
BRDA:681,103,1,20
BRDA:708,104,0,20
BRDA:708,104,1,2
BRDA:713,105,0,4
BRDA:713,105,1,18
BRDA:723,106,0,2
BRDA:723,106,1,17
BRDA:724,107,0,19
BRDA:724,107,1,19
BRDA:746,108,0,9
BRDA:746,108,1,8
BRDA:765,109,0,5
BRDA:765,109,1,1
BRDA:770,110,0,2
BRDA:770,110,1,4
BRDA:780,111,0,2
BRDA:780,111,1,17
BRDA:781,112,0,19
BRDA:781,112,1,19
BRDA:807,113,0,5
BRDA:807,113,1,1
BRDA:812,114,0,2
BRDA:812,114,1,4
BRDA:822,115,0,6
BRDA:822,115,1,5
BRDA:832,116,0,6
BRDA:832,116,1,5
BRDA:845,117,0,2
BRDA:845,117,1,3
BRDA:870,118,0,2
BRDA:870,118,1,1
BRDA:880,119,0,1
BRDA:880,119,1,11
BRDA:885,120,0,8
BRDA:885,120,1,3
BRDA:889,121,0,6
BRDA:889,121,1,5
BRDA:903,122,0,3
BRDA:903,122,1,2
BRF:266
BRH:227
end_of_record
